2017-04-20 19:03:59,116 [1] INFO  Topshelf.HostFactory - Configuration Result:
[Success] Name QuartzDemo服务名称
[Success] DisplayName QuartzDemo服务显示名称
[Success] Description QuartzDemo服务描述
[Success] ServiceName QuartzDemo服务名称
 Topshelf.HostFactoryname2017-04-20 19:03:59,160 [1] INFO  Topshelf.HostConfigurators.HostConfiguratorImpl - Topshelf v3.3.154.0, .NET Framework v4.0.30319.42000
 Topshelf.HostConfigurators.HostConfiguratorImplname2017-04-20 19:03:59,401 [1] DEBUG Topshelf.Runtime.Windows.WindowsHostEnvironment - Started by the Windows services process
 Topshelf.Runtime.Windows.WindowsHostEnvironmentname2017-04-20 19:03:59,403 [1] DEBUG Topshelf.Builders.RunBuilder - Running as a service, creating service host.
 Topshelf.Builders.RunBuildername2017-04-20 19:03:59,408 [1] INFO  Topshelf.Runtime.Windows.WindowsServiceHost - Starting as a Windows service
 Topshelf.Runtime.Windows.WindowsServiceHostname2017-04-20 19:03:59,411 [1] DEBUG Topshelf.Runtime.Windows.WindowsServiceHost - [Topshelf] Starting up as a windows service application
 Topshelf.Runtime.Windows.WindowsServiceHostname2017-04-20 19:03:59,413 [16] INFO  Topshelf.Runtime.Windows.WindowsServiceHost - [Topshelf] Starting
 Topshelf.Runtime.Windows.WindowsServiceHostname2017-04-20 19:03:59,414 [16] DEBUG Topshelf.Runtime.Windows.WindowsServiceHost - [Topshelf] Current Directory: c:\D\work\实验室\Quartz.NetDemo\Quartz.NetDemo\bin\Debug
 Topshelf.Runtime.Windows.WindowsServiceHostname2017-04-20 19:03:59,414 [16] DEBUG Topshelf.Runtime.Windows.WindowsServiceHost - [Topshelf] Arguments: 
 Topshelf.Runtime.Windows.WindowsServiceHostname2017-04-20 19:03:59,871 [16] INFO  Topshelf.Runtime.Windows.WindowsServiceHost - [Topshelf] Started
 Topshelf.Runtime.Windows.WindowsServiceHostname2017-04-20 19:03:59,928 [QuartzTest_Worker-1] INFO  Jobs.TestJob.Job - 独立项目的TestJob测试
 Jobs.TestJob.Jobname2017-04-20 19:03:59,940 [QuartzTest_Worker-2] INFO  Quartz.NetDemo.TestJob - TestJob测试
 Quartz.NetDemo.TestJobname2017-04-20 19:04:00,011 [QuartzTest_Worker-3] INFO  Jobs.TestJob.Job - 独立项目的TestJob测试
 Jobs.TestJob.Jobname2017-04-20 19:04:00,012 [QuartzTest_Worker-4] INFO  Quartz.NetDemo.TestJob - TestJob测试
 Quartz.NetDemo.TestJobname2017-04-20 19:04:02,000 [QuartzTest_Worker-5] INFO  Quartz.NetDemo.TestJob - TestJob测试
 Quartz.NetDemo.TestJobname2017-04-20 19:04:03,000 [QuartzTest_Worker-6] INFO  Jobs.TestJob.Job - 独立项目的TestJob测试
 Jobs.TestJob.Jobname2017-04-20 19:04:04,000 [QuartzTest_Worker-7] INFO  Quartz.NetDemo.TestJob - TestJob测试
 Quartz.NetDemo.TestJobname2017-04-20 19:04:06,000 [QuartzTest_Worker-8] INFO  Jobs.TestJob.Job - 独立项目的TestJob测试
 Jobs.TestJob.Jobname2017-04-20 19:04:06,000 [QuartzTest_Worker-9] INFO  Quartz.NetDemo.TestJob - TestJob测试
 Quartz.NetDemo.TestJobname2017-04-20 19:04:08,000 [QuartzTest_Worker-10] INFO  Quartz.NetDemo.TestJob - TestJob测试
 Quartz.NetDemo.TestJobname2017-04-20 19:04:09,000 [QuartzTest_Worker-1] INFO  Jobs.TestJob.Job - 独立项目的TestJob测试
 Jobs.TestJob.Jobname2017-04-20 19:04:10,000 [QuartzTest_Worker-2] INFO  Quartz.NetDemo.TestJob - TestJob测试
 Quartz.NetDemo.TestJobname2017-04-20 19:04:12,000 [QuartzTest_Worker-3] INFO  Jobs.TestJob.Job - 独立项目的TestJob测试
 Jobs.TestJob.Jobname2017-04-20 19:04:12,000 [QuartzTest_Worker-4] INFO  Quartz.NetDemo.TestJob - TestJob测试
 Quartz.NetDemo.TestJobname2017-04-20 19:04:14,000 [QuartzTest_Worker-5] INFO  Quartz.NetDemo.TestJob - TestJob测试
 Quartz.NetDemo.TestJobname2017-04-20 19:04:15,000 [QuartzTest_Worker-6] INFO  Jobs.TestJob.Job - 独立项目的TestJob测试
 Jobs.TestJob.Jobname2017-04-20 19:04:16,000 [QuartzTest_Worker-7] INFO  Quartz.NetDemo.TestJob - TestJob测试
 Quartz.NetDemo.TestJobname2017-04-20 19:04:18,000 [QuartzTest_Worker-9] INFO  Jobs.TestJob.Job - 独立项目的TestJob测试
 Jobs.TestJob.Jobname2017-04-20 19:04:18,000 [QuartzTest_Worker-8] INFO  Quartz.NetDemo.TestJob - TestJob测试
 Quartz.NetDemo.TestJobname2017-04-20 19:04:20,000 [QuartzTest_Worker-10] INFO  Quartz.NetDemo.TestJob - TestJob测试
 Quartz.NetDemo.TestJobname2017-04-20 19:04:21,000 [QuartzTest_Worker-1] INFO  Jobs.TestJob.Job - 独立项目的TestJob测试
 Jobs.TestJob.Jobname2017-04-20 19:04:22,000 [QuartzTest_Worker-2] INFO  Quartz.NetDemo.TestJob - TestJob测试
 Quartz.NetDemo.TestJobname2017-04-20 19:04:24,000 [QuartzTest_Worker-3] INFO  Jobs.TestJob.Job - 独立项目的TestJob测试
 Jobs.TestJob.Jobname2017-04-20 19:04:24,000 [QuartzTest_Worker-4] INFO  Quartz.NetDemo.TestJob - TestJob测试
 Quartz.NetDemo.TestJobname2017-04-20 19:04:26,000 [QuartzTest_Worker-5] INFO  Quartz.NetDemo.TestJob - TestJob测试
 Quartz.NetDemo.TestJobname2017-04-20 19:04:27,000 [QuartzTest_Worker-6] INFO  Jobs.TestJob.Job - 独立项目的TestJob测试
 Jobs.TestJob.Jobname2017-04-20 19:04:28,000 [QuartzTest_Worker-7] INFO  Quartz.NetDemo.TestJob - TestJob测试
 Quartz.NetDemo.TestJobname2017-04-20 19:04:30,000 [QuartzTest_Worker-8] INFO  Jobs.TestJob.Job - 独立项目的TestJob测试
 Jobs.TestJob.Jobname2017-04-20 19:04:30,000 [QuartzTest_Worker-9] INFO  Quartz.NetDemo.TestJob - TestJob测试
 Quartz.NetDemo.TestJobname2017-04-20 19:04:32,000 [QuartzTest_Worker-10] INFO  Quartz.NetDemo.TestJob - TestJob测试
 Quartz.NetDemo.TestJobname2017-04-20 19:04:33,000 [QuartzTest_Worker-1] INFO  Jobs.TestJob.Job - 独立项目的TestJob测试
 Jobs.TestJob.Jobname2017-04-20 19:04:34,000 [QuartzTest_Worker-2] INFO  Quartz.NetDemo.TestJob - TestJob测试
 Quartz.NetDemo.TestJobname2017-04-20 19:04:36,000 [QuartzTest_Worker-3] INFO  Jobs.TestJob.Job - 独立项目的TestJob测试
 Jobs.TestJob.Jobname2017-04-20 19:04:36,000 [QuartzTest_Worker-4] INFO  Quartz.NetDemo.TestJob - TestJob测试
 Quartz.NetDemo.TestJobname2017-04-20 19:04:38,000 [QuartzTest_Worker-5] INFO  Quartz.NetDemo.TestJob - TestJob测试
 Quartz.NetDemo.TestJobname2017-04-20 19:04:39,000 [QuartzTest_Worker-6] INFO  Jobs.TestJob.Job - 独立项目的TestJob测试
 Jobs.TestJob.Jobname2017-04-20 19:04:40,000 [QuartzTest_Worker-7] INFO  Quartz.NetDemo.TestJob - TestJob测试
 Quartz.NetDemo.TestJobname2017-04-20 19:04:42,000 [QuartzTest_Worker-9] INFO  Jobs.TestJob.Job - 独立项目的TestJob测试
 Jobs.TestJob.Jobname2017-04-20 19:04:42,000 [QuartzTest_Worker-8] INFO  Quartz.NetDemo.TestJob - TestJob测试
 Quartz.NetDemo.TestJobname2017-04-20 19:04:44,000 [QuartzTest_Worker-10] INFO  Quartz.NetDemo.TestJob - TestJob测试
 Quartz.NetDemo.TestJobname2017-04-20 19:04:45,000 [QuartzTest_Worker-1] INFO  Jobs.TestJob.Job - 独立项目的TestJob测试
 Jobs.TestJob.Jobname2017-04-20 19:04:46,000 [QuartzTest_Worker-2] INFO  Quartz.NetDemo.TestJob - TestJob测试
 Quartz.NetDemo.TestJobname2017-04-20 19:04:48,001 [QuartzTest_Worker-4] INFO  Jobs.TestJob.Job - 独立项目的TestJob测试
 Jobs.TestJob.Jobname2017-04-20 19:04:48,001 [QuartzTest_Worker-3] INFO  Quartz.NetDemo.TestJob - TestJob测试
 Quartz.NetDemo.TestJobname2017-04-20 19:04:50,006 [QuartzTest_Worker-5] INFO  Quartz.NetDemo.TestJob - TestJob测试
 Quartz.NetDemo.TestJobname2017-04-20 19:04:51,017 [QuartzTest_Worker-6] INFO  Jobs.TestJob.Job - 独立项目的TestJob测试
 Jobs.TestJob.Jobname2017-04-20 19:04:52,033 [QuartzTest_Worker-7] INFO  Quartz.NetDemo.TestJob - TestJob测试
 Quartz.NetDemo.TestJobname2017-04-20 19:04:54,002 [QuartzTest_Worker-8] INFO  Jobs.TestJob.Job - 独立项目的TestJob测试
 Jobs.TestJob.Jobname2017-04-20 19:04:54,002 [QuartzTest_Worker-9] INFO  Quartz.NetDemo.TestJob - TestJob测试
 Quartz.NetDemo.TestJobname2017-04-20 19:04:56,001 [QuartzTest_Worker-10] INFO  Quartz.NetDemo.TestJob - TestJob测试
 Quartz.NetDemo.TestJobname2017-04-20 19:04:57,001 [QuartzTest_Worker-1] INFO  Jobs.TestJob.Job - 独立项目的TestJob测试
 Jobs.TestJob.Jobname2017-04-20 19:04:58,001 [QuartzTest_Worker-2] INFO  Quartz.NetDemo.TestJob - TestJob测试
 Quartz.NetDemo.TestJobname2017-04-20 19:05:00,001 [QuartzTest_Worker-4] INFO  Jobs.TestJob.Job - 独立项目的TestJob测试
 Jobs.TestJob.Jobname2017-04-20 19:05:00,001 [QuartzTest_Worker-3] INFO  Quartz.NetDemo.TestJob - TestJob测试
 Quartz.NetDemo.TestJobname2017-04-20 19:05:02,011 [QuartzTest_Worker-5] INFO  Quartz.NetDemo.TestJob - TestJob测试
 Quartz.NetDemo.TestJobname2017-04-20 19:05:03,002 [QuartzTest_Worker-6] INFO  Jobs.TestJob.Job - 独立项目的TestJob测试
 Jobs.TestJob.Jobname2017-04-20 19:05:04,001 [QuartzTest_Worker-7] INFO  Quartz.NetDemo.TestJob - TestJob测试
 Quartz.NetDemo.TestJobname2017-04-20 19:05:06,015 [QuartzTest_Worker-8] INFO  Jobs.TestJob.Job - 独立项目的TestJob测试
 Jobs.TestJob.Jobname2017-04-20 19:05:06,018 [QuartzTest_Worker-9] INFO  Quartz.NetDemo.TestJob - TestJob测试
 Quartz.NetDemo.TestJobname2017-04-20 19:05:08,005 [QuartzTest_Worker-10] INFO  Quartz.NetDemo.TestJob - TestJob测试
 Quartz.NetDemo.TestJobname2017-04-20 19:05:09,002 [QuartzTest_Worker-1] INFO  Jobs.TestJob.Job - 独立项目的TestJob测试
 Jobs.TestJob.Jobname2017-04-20 19:05:10,002 [QuartzTest_Worker-2] INFO  Quartz.NetDemo.TestJob - TestJob测试
 Quartz.NetDemo.TestJobname2017-04-20 19:05:12,012 [QuartzTest_Worker-4] INFO  Jobs.TestJob.Job - 独立项目的TestJob测试
 Jobs.TestJob.Jobname2017-04-20 19:05:12,012 [QuartzTest_Worker-3] INFO  Quartz.NetDemo.TestJob - TestJob测试
 Quartz.NetDemo.TestJobname2017-04-20 19:05:14,001 [QuartzTest_Worker-5] INFO  Quartz.NetDemo.TestJob - TestJob测试
 Quartz.NetDemo.TestJobname2017-04-20 19:05:15,002 [QuartzTest_Worker-6] INFO  Jobs.TestJob.Job - 独立项目的TestJob测试
 Jobs.TestJob.Jobname2017-04-20 19:05:16,012 [QuartzTest_Worker-7] INFO  Quartz.NetDemo.TestJob - TestJob测试
 Quartz.NetDemo.TestJobname2017-04-20 19:05:18,002 [QuartzTest_Worker-9] INFO  Jobs.TestJob.Job - 独立项目的TestJob测试
 Jobs.TestJob.Jobname2017-04-20 19:05:18,002 [QuartzTest_Worker-8] INFO  Quartz.NetDemo.TestJob - TestJob测试
 Quartz.NetDemo.TestJobname2017-04-20 19:05:20,003 [QuartzTest_Worker-10] INFO  Quartz.NetDemo.TestJob - TestJob测试
 Quartz.NetDemo.TestJobname2017-04-20 19:05:21,002 [QuartzTest_Worker-1] INFO  Jobs.TestJob.Job - 独立项目的TestJob测试
 Jobs.TestJob.Jobname2017-04-20 19:05:22,029 [QuartzTest_Worker-2] INFO  Quartz.NetDemo.TestJob - TestJob测试
 Quartz.NetDemo.TestJobname2017-04-20 19:05:24,002 [QuartzTest_Worker-4] INFO  Jobs.TestJob.Job - 独立项目的TestJob测试
 Jobs.TestJob.Jobname2017-04-20 19:05:24,002 [QuartzTest_Worker-3] INFO  Quartz.NetDemo.TestJob - TestJob测试
 Quartz.NetDemo.TestJobname2017-04-20 19:05:26,001 [QuartzTest_Worker-5] INFO  Quartz.NetDemo.TestJob - TestJob测试
 Quartz.NetDemo.TestJobname2017-04-20 19:05:27,013 [QuartzTest_Worker-6] INFO  Jobs.TestJob.Job - 独立项目的TestJob测试
 Jobs.TestJob.Jobname2017-04-20 19:05:28,001 [QuartzTest_Worker-7] INFO  Quartz.NetDemo.TestJob - TestJob测试
 Quartz.NetDemo.TestJobname2017-04-20 19:05:30,002 [QuartzTest_Worker-9] INFO  Jobs.TestJob.Job - 独立项目的TestJob测试
 Jobs.TestJob.Jobname2017-04-20 19:05:30,002 [QuartzTest_Worker-8] INFO  Quartz.NetDemo.TestJob - TestJob测试
 Quartz.NetDemo.TestJobname2017-04-20 19:05:32,011 [QuartzTest_Worker-10] INFO  Quartz.NetDemo.TestJob - TestJob测试
 Quartz.NetDemo.TestJobname2017-04-20 19:05:33,002 [QuartzTest_Worker-1] INFO  Jobs.TestJob.Job - 独立项目的TestJob测试
 Jobs.TestJob.Jobname2017-04-20 19:05:34,001 [QuartzTest_Worker-2] INFO  Quartz.NetDemo.TestJob - TestJob测试
 Quartz.NetDemo.TestJobname2017-04-20 19:05:36,013 [QuartzTest_Worker-4] INFO  Jobs.TestJob.Job - 独立项目的TestJob测试
 Jobs.TestJob.Jobname2017-04-20 19:05:36,014 [QuartzTest_Worker-3] INFO  Quartz.NetDemo.TestJob - TestJob测试
 Quartz.NetDemo.TestJobname2017-04-20 19:05:38,002 [QuartzTest_Worker-5] INFO  Quartz.NetDemo.TestJob - TestJob测试
 Quartz.NetDemo.TestJobname2017-04-20 19:05:39,002 [QuartzTest_Worker-6] INFO  Jobs.TestJob.Job - 独立项目的TestJob测试
 Jobs.TestJob.Jobname2017-04-20 19:05:40,002 [QuartzTest_Worker-7] INFO  Quartz.NetDemo.TestJob - TestJob测试
 Quartz.NetDemo.TestJobname2017-04-20 19:05:42,010 [QuartzTest_Worker-8] INFO  Jobs.TestJob.Job - 独立项目的TestJob测试
 Jobs.TestJob.Jobname2017-04-20 19:05:42,010 [QuartzTest_Worker-9] INFO  Quartz.NetDemo.TestJob - TestJob测试
 Quartz.NetDemo.TestJobname2017-04-20 19:05:44,002 [QuartzTest_Worker-10] INFO  Quartz.NetDemo.TestJob - TestJob测试
 Quartz.NetDemo.TestJobname2017-04-20 19:05:45,002 [QuartzTest_Worker-1] INFO  Jobs.TestJob.Job - 独立项目的TestJob测试
 Jobs.TestJob.Jobname2017-04-20 19:05:46,001 [QuartzTest_Worker-2] INFO  Quartz.NetDemo.TestJob - TestJob测试
 Quartz.NetDemo.TestJobname2017-04-20 19:05:48,002 [QuartzTest_Worker-4] INFO  Jobs.TestJob.Job - 独立项目的TestJob测试
 Jobs.TestJob.Jobname2017-04-20 19:05:48,002 [QuartzTest_Worker-3] INFO  Quartz.NetDemo.TestJob - TestJob测试
 Quartz.NetDemo.TestJobname2017-04-20 19:05:50,018 [QuartzTest_Worker-5] INFO  Quartz.NetDemo.TestJob - TestJob测试
 Quartz.NetDemo.TestJobname2017-04-20 19:05:51,040 [QuartzTest_Worker-6] INFO  Jobs.TestJob.Job - 独立项目的TestJob测试
 Jobs.TestJob.Jobname2017-04-20 19:05:52,021 [QuartzTest_Worker-7] INFO  Quartz.NetDemo.TestJob - TestJob测试
 Quartz.NetDemo.TestJobname2017-04-20 19:05:54,018 [QuartzTest_Worker-8] INFO  Jobs.TestJob.Job - 独立项目的TestJob测试
 Jobs.TestJob.Jobname2017-04-20 19:05:54,018 [QuartzTest_Worker-9] INFO  Quartz.NetDemo.TestJob - TestJob测试
 Quartz.NetDemo.TestJobname2017-04-20 19:05:56,062 [QuartzTest_Worker-10] INFO  Quartz.NetDemo.TestJob - TestJob测试
 Quartz.NetDemo.TestJobname2017-04-20 19:05:57,016 [QuartzTest_Worker-1] INFO  Jobs.TestJob.Job - 独立项目的TestJob测试
 Jobs.TestJob.Jobname2017-04-20 19:05:58,012 [QuartzTest_Worker-2] INFO  Quartz.NetDemo.TestJob - TestJob测试
 Quartz.NetDemo.TestJobname2017-04-20 19:06:00,003 [QuartzTest_Worker-4] INFO  Jobs.TestJob.Job - 独立项目的TestJob测试
 Jobs.TestJob.Jobname2017-04-20 19:06:00,003 [QuartzTest_Worker-3] INFO  Quartz.NetDemo.TestJob - TestJob测试
 Quartz.NetDemo.TestJobname2017-04-20 21:07:37,126 [QuartzTest_Worker-5] INFO  Quartz.NetDemo.TestJob - TestJob测试
 Quartz.NetDemo.TestJobname2017-04-20 21:07:37,246 [QuartzTest_Worker-6] INFO  Jobs.TestJob.Job - 独立项目的TestJob测试
 Jobs.TestJob.Jobname2017-04-20 21:07:37,246 [QuartzTest_Worker-7] INFO  Quartz.NetDemo.TestJob - TestJob测试
 Quartz.NetDemo.TestJobname2017-04-20 21:07:38,004 [QuartzTest_Worker-8] INFO  Quartz.NetDemo.TestJob - TestJob测试
 Quartz.NetDemo.TestJobname2017-04-20 21:07:39,068 [QuartzTest_Worker-9] INFO  Jobs.TestJob.Job - 独立项目的TestJob测试
 Jobs.TestJob.Jobname2017-04-20 21:07:40,117 [QuartzTest_Worker-10] INFO  Quartz.NetDemo.TestJob - TestJob测试
 Quartz.NetDemo.TestJobname2017-04-20 21:07:42,060 [QuartzTest_Worker-1] INFO  Jobs.TestJob.Job - 独立项目的TestJob测试
 Jobs.TestJob.Jobname2017-04-20 21:07:42,061 [QuartzTest_Worker-2] INFO  Quartz.NetDemo.TestJob - TestJob测试
 Quartz.NetDemo.TestJobname2017-04-20 21:07:44,142 [QuartzTest_Worker-4] INFO  Quartz.NetDemo.TestJob - TestJob测试
 Quartz.NetDemo.TestJobname2017-04-20 21:07:45,160 [QuartzTest_Worker-3] INFO  Jobs.TestJob.Job - 独立项目的TestJob测试
 Jobs.TestJob.Jobname2017-04-20 21:07:46,074 [QuartzTest_Worker-5] INFO  Quartz.NetDemo.TestJob - TestJob测试
 Quartz.NetDemo.TestJobname2017-04-20 21:07:48,073 [QuartzTest_Worker-6] INFO  Jobs.TestJob.Job - 独立项目的TestJob测试
 Jobs.TestJob.Jobname2017-04-20 21:07:48,073 [QuartzTest_Worker-7] INFO  Quartz.NetDemo.TestJob - TestJob测试
 Quartz.NetDemo.TestJobname2017-04-20 21:07:50,001 [QuartzTest_Worker-8] INFO  Quartz.NetDemo.TestJob - TestJob测试
 Quartz.NetDemo.TestJobname2017-04-20 21:07:51,014 [QuartzTest_Worker-9] INFO  Jobs.TestJob.Job - 独立项目的TestJob测试
 Jobs.TestJob.Jobname2017-04-20 21:07:52,008 [QuartzTest_Worker-10] INFO  Quartz.NetDemo.TestJob - TestJob测试
 Quartz.NetDemo.TestJobname2017-04-20 21:07:54,012 [QuartzTest_Worker-2] INFO  Jobs.TestJob.Job - 独立项目的TestJob测试
 Jobs.TestJob.Jobname2017-04-20 21:07:54,012 [QuartzTest_Worker-1] INFO  Quartz.NetDemo.TestJob - TestJob测试
 Quartz.NetDemo.TestJobname2017-04-20 21:07:56,003 [QuartzTest_Worker-4] INFO  Quartz.NetDemo.TestJob - TestJob测试
 Quartz.NetDemo.TestJobname2017-04-20 21:07:57,001 [QuartzTest_Worker-3] INFO  Jobs.TestJob.Job - 独立项目的TestJob测试
 Jobs.TestJob.Jobname2017-04-20 21:07:58,002 [QuartzTest_Worker-5] INFO  Quartz.NetDemo.TestJob - TestJob测试
 Quartz.NetDemo.TestJobname2017-04-20 21:08:00,015 [QuartzTest_Worker-6] INFO  Jobs.TestJob.Job - 独立项目的TestJob测试
 Jobs.TestJob.Jobname2017-04-20 21:08:00,017 [QuartzTest_Worker-7] INFO  Quartz.NetDemo.TestJob - TestJob测试
 Quartz.NetDemo.TestJobname2017-04-20 21:08:02,011 [QuartzTest_Worker-8] INFO  Quartz.NetDemo.TestJob - TestJob测试
 Quartz.NetDemo.TestJobname2017-04-20 21:08:03,008 [QuartzTest_Worker-9] INFO  Jobs.TestJob.Job - 独立项目的TestJob测试
 Jobs.TestJob.Jobname2017-04-20 21:08:04,014 [QuartzTest_Worker-10] INFO  Quartz.NetDemo.TestJob - TestJob测试
 Quartz.NetDemo.TestJobname2017-04-20 21:08:06,000 [QuartzTest_Worker-1] INFO  Jobs.TestJob.Job - 独立项目的TestJob测试
 Jobs.TestJob.Jobname2017-04-20 21:08:06,000 [QuartzTest_Worker-2] INFO  Quartz.NetDemo.TestJob - TestJob测试
 Quartz.NetDemo.TestJobname2017-04-20 21:08:11,112 [1] INFO  Topshelf.HostFactory - Configuration Result:
[Success] Name QuartzDemo服务名称
[Success] DisplayName QuartzDemo服务显示名称
[Success] Description QuartzDemo服务描述
[Success] ServiceName QuartzDemo服务名称
 Topshelf.HostFactoryname2017-04-20 21:08:11,175 [1] INFO  Topshelf.HostConfigurators.HostConfiguratorImpl - Topshelf v3.3.154.0, .NET Framework v4.0.30319.42000
 Topshelf.HostConfigurators.HostConfiguratorImplname2017-04-20 21:08:12,442 [1] DEBUG Topshelf.Builders.RunBuilder - Running as a console application, creating the console host.
 Topshelf.Builders.RunBuildername2017-04-20 21:08:12,593 [1] ERROR Topshelf.Hosts.ConsoleRunHost - The QuartzDemo服务名称 service is running and must be stopped before running via the console
 Topshelf.Hosts.ConsoleRunHostname2017-04-20 21:08:32,450 [1] ERROR Topshelf.HostFactory - An exception occurred creating the host
 Topshelf.HostFactorynameTopshelf.HostConfigurationException: The service was not properly configured: 
[Failure] Command Line An unknown command-line option was found: ARGUMENT: pause
[Success] Name QuartzDemo服务名称
[Success] DisplayName QuartzDemo服务显示名称
[Success] Description QuartzDemo服务描述
[Success] ServiceName QuartzDemo服务名称
   在 Topshelf.Configurators.ValidateConfigurationResult.CompileResults(IEnumerable`1 results)
   在 Topshelf.HostFactory.New(Action`1 configureCallback)
2017-04-20 21:15:37,155 [1] INFO  Topshelf.HostFactory - Configuration Result:
[Success] Name QuartzDemo服务名称
[Success] DisplayName QuartzDemo服务显示名称
[Success] Description QuartzDemo服务描述
[Success] ServiceName QuartzDemo服务名称
 Topshelf.HostFactoryname2017-04-20 21:15:37,264 [1] INFO  Topshelf.HostConfigurators.HostConfiguratorImpl - Topshelf v3.3.154.0, .NET Framework v4.0.30319.42000
 Topshelf.HostConfigurators.HostConfiguratorImplname2017-04-20 21:15:42,071 [1] INFO  Topshelf.HostFactory - Configuration Result:
[Success] Name QuartzDemo服务名称
[Success] DisplayName QuartzDemo服务显示名称
[Success] Description QuartzDemo服务描述
[Success] ServiceName QuartzDemo服务名称
 Topshelf.HostFactoryname2017-04-20 21:15:42,100 [1] INFO  Topshelf.HostConfigurators.HostConfiguratorImpl - Topshelf v3.3.154.0, .NET Framework v4.0.30319.42000
 Topshelf.HostConfigurators.HostConfiguratorImplname2017-04-20 21:15:42,116 [1] DEBUG Topshelf.Hosts.StopHost - Stopping QuartzDemo服务名称
 Topshelf.Hosts.StopHostname2017-04-20 21:15:42,393 [1] INFO  Topshelf.Hosts.StopHost - The QuartzDemo服务名称 service was stopped.
 Topshelf.Hosts.StopHostname2017-04-20 21:15:55,793 [1] INFO  Topshelf.HostFactory - Configuration Result:
[Success] Name QuartzDemo服务名称
[Success] DisplayName QuartzDemo服务显示名称
[Success] Description QuartzDemo服务描述
[Success] ServiceName QuartzDemo服务名称
 Topshelf.HostFactoryname2017-04-20 21:15:55,852 [1] INFO  Topshelf.HostConfigurators.HostConfiguratorImpl - Topshelf v3.3.154.0, .NET Framework v4.0.30319.42000
 Topshelf.HostConfigurators.HostConfiguratorImplname2017-04-20 21:15:56,097 [1] DEBUG Topshelf.Runtime.Windows.WindowsHostEnvironment - Started by the Windows services process
 Topshelf.Runtime.Windows.WindowsHostEnvironmentname2017-04-20 21:15:56,097 [1] DEBUG Topshelf.Builders.RunBuilder - Running as a service, creating service host.
 Topshelf.Builders.RunBuildername2017-04-20 21:15:56,113 [1] INFO  Topshelf.Runtime.Windows.WindowsServiceHost - Starting as a Windows service
 Topshelf.Runtime.Windows.WindowsServiceHostname2017-04-20 21:15:56,113 [1] DEBUG Topshelf.Runtime.Windows.WindowsServiceHost - [Topshelf] Starting up as a windows service application
 Topshelf.Runtime.Windows.WindowsServiceHostname2017-04-20 21:15:56,113 [16] INFO  Topshelf.Runtime.Windows.WindowsServiceHost - [Topshelf] Starting
 Topshelf.Runtime.Windows.WindowsServiceHostname2017-04-20 21:15:56,113 [16] DEBUG Topshelf.Runtime.Windows.WindowsServiceHost - [Topshelf] Current Directory: c:\D\work\实验室\Quartz.NetDemo\Quartz.NetDemo\bin\Debug
 Topshelf.Runtime.Windows.WindowsServiceHostname2017-04-20 21:15:56,113 [16] DEBUG Topshelf.Runtime.Windows.WindowsServiceHost - [Topshelf] Arguments: 
 Topshelf.Runtime.Windows.WindowsServiceHostname2017-04-20 21:15:56,682 [16] INFO  Topshelf.Runtime.Windows.WindowsServiceHost - [Topshelf] Started
 Topshelf.Runtime.Windows.WindowsServiceHostname2017-04-20 21:15:56,745 [QuartzTest_Worker-2] INFO  Quartz.NetDemo.TestJob - TestJob测试
 Quartz.NetDemo.TestJobname2017-04-20 21:15:56,745 [QuartzTest_Worker-1] INFO  Jobs.TestJob.Job - 独立项目的TestJob测试
 Jobs.TestJob.Jobname2017-04-20 21:15:57,057 [QuartzTest_Worker-3] INFO  Jobs.TestJob.Job - 独立项目的TestJob测试
 Jobs.TestJob.Jobname2017-04-20 21:15:58,007 [QuartzTest_Worker-4] INFO  Quartz.NetDemo.TestJob - TestJob测试
 Quartz.NetDemo.TestJobname2017-04-20 21:16:00,007 [QuartzTest_Worker-5] INFO  Jobs.TestJob.Job - 独立项目的TestJob测试
 Jobs.TestJob.Jobname2017-04-20 21:16:00,007 [QuartzTest_Worker-6] INFO  Quartz.NetDemo.TestJob - TestJob测试
 Quartz.NetDemo.TestJobname2017-04-20 21:16:02,000 [QuartzTest_Worker-7] INFO  Quartz.NetDemo.TestJob - TestJob测试
 Quartz.NetDemo.TestJobname2017-04-20 21:16:03,033 [QuartzTest_Worker-8] INFO  Jobs.TestJob.Job - 独立项目的TestJob测试
 Jobs.TestJob.Jobname2017-04-20 21:16:04,008 [QuartzTest_Worker-9] INFO  Quartz.NetDemo.TestJob - TestJob测试
 Quartz.NetDemo.TestJobname2017-04-20 21:16:04,991 [17] INFO  Topshelf.Runtime.Windows.WindowsServiceHost - [Topshelf] Stopping
 Topshelf.Runtime.Windows.WindowsServiceHostname2017-04-20 21:16:04,991 [17] INFO  Topshelf.Runtime.Windows.WindowsServiceHost - [Topshelf] Stopped
 Topshelf.Runtime.Windows.WindowsServiceHostname2017-04-20 21:16:12,153 [1] INFO  Topshelf.HostFactory - Configuration Result:
[Success] Name QuartzDemo服务名称
[Success] DisplayName QuartzDemo服务显示名称
[Success] Description QuartzDemo服务描述
[Success] ServiceName QuartzDemo服务名称
 Topshelf.HostFactoryname2017-04-20 21:16:12,249 [1] INFO  Topshelf.HostConfigurators.HostConfiguratorImpl - Topshelf v3.3.154.0, .NET Framework v4.0.30319.42000
 Topshelf.HostConfigurators.HostConfiguratorImplname2017-04-20 21:16:12,499 [1] DEBUG Topshelf.Runtime.Windows.WindowsHostEnvironment - Started by the Windows services process
 Topshelf.Runtime.Windows.WindowsHostEnvironmentname2017-04-20 21:16:12,499 [1] DEBUG Topshelf.Builders.RunBuilder - Running as a service, creating service host.
 Topshelf.Builders.RunBuildername2017-04-20 21:16:12,515 [1] INFO  Topshelf.Runtime.Windows.WindowsServiceHost - Starting as a Windows service
 Topshelf.Runtime.Windows.WindowsServiceHostname2017-04-20 21:16:12,515 [1] DEBUG Topshelf.Runtime.Windows.WindowsServiceHost - [Topshelf] Starting up as a windows service application
 Topshelf.Runtime.Windows.WindowsServiceHostname2017-04-20 21:16:12,515 [16] INFO  Topshelf.Runtime.Windows.WindowsServiceHost - [Topshelf] Starting
 Topshelf.Runtime.Windows.WindowsServiceHostname2017-04-20 21:16:12,515 [16] DEBUG Topshelf.Runtime.Windows.WindowsServiceHost - [Topshelf] Current Directory: c:\D\work\实验室\Quartz.NetDemo\Quartz.NetDemo\bin\Debug
 Topshelf.Runtime.Windows.WindowsServiceHostname2017-04-20 21:16:12,515 [16] DEBUG Topshelf.Runtime.Windows.WindowsServiceHost - [Topshelf] Arguments: 
 Topshelf.Runtime.Windows.WindowsServiceHostname2017-04-20 21:16:13,049 [16] INFO  Topshelf.Runtime.Windows.WindowsServiceHost - [Topshelf] Started
 Topshelf.Runtime.Windows.WindowsServiceHostname2017-04-20 21:16:13,081 [QuartzTest_Worker-2] INFO  Quartz.NetDemo.TestJob - TestJob测试
 Quartz.NetDemo.TestJobname2017-04-20 21:16:13,081 [QuartzTest_Worker-1] INFO  Jobs.TestJob.Job - 独立项目的TestJob测试
 Jobs.TestJob.Jobname2017-04-20 21:16:14,007 [QuartzTest_Worker-3] INFO  Quartz.NetDemo.TestJob - TestJob测试
 Quartz.NetDemo.TestJobname2017-04-20 21:16:15,007 [QuartzTest_Worker-4] INFO  Jobs.TestJob.Job - 独立项目的TestJob测试
 Jobs.TestJob.Jobname2017-04-20 21:16:16,028 [QuartzTest_Worker-5] INFO  Quartz.NetDemo.TestJob - TestJob测试
 Quartz.NetDemo.TestJobname2017-04-20 21:16:18,011 [QuartzTest_Worker-6] INFO  Jobs.TestJob.Job - 独立项目的TestJob测试
 Jobs.TestJob.Jobname2017-04-20 21:16:18,011 [QuartzTest_Worker-7] INFO  Quartz.NetDemo.TestJob - TestJob测试
 Quartz.NetDemo.TestJobname2017-04-20 21:16:20,013 [QuartzTest_Worker-8] INFO  Quartz.NetDemo.TestJob - TestJob测试
 Quartz.NetDemo.TestJobname2017-04-20 21:16:21,001 [QuartzTest_Worker-9] INFO  Jobs.TestJob.Job - 独立项目的TestJob测试
 Jobs.TestJob.Jobname2017-04-20 21:16:22,011 [QuartzTest_Worker-10] INFO  Quartz.NetDemo.TestJob - TestJob测试
 Quartz.NetDemo.TestJobname2017-04-20 21:16:23,466 [16] INFO  Topshelf.Runtime.Windows.WindowsServiceHost - [Topshelf] Stopping
 Topshelf.Runtime.Windows.WindowsServiceHostname2017-04-20 21:16:23,466 [16] INFO  Topshelf.Runtime.Windows.WindowsServiceHost - [Topshelf] Stopped
 Topshelf.Runtime.Windows.WindowsServiceHostname2017-04-20 21:16:38,090 [1] INFO  Topshelf.HostFactory - Configuration Result:
[Success] Name QuartzDemo服务名称
[Success] DisplayName QuartzDemo服务显示名称
[Success] Description QuartzDemo服务描述
[Success] ServiceName QuartzDemo服务名称
 Topshelf.HostFactoryname2017-04-20 21:16:38,137 [1] INFO  Topshelf.HostConfigurators.HostConfiguratorImpl - Topshelf v3.3.154.0, .NET Framework v4.0.30319.42000
 Topshelf.HostConfigurators.HostConfiguratorImplname2017-04-20 21:16:38,376 [1] DEBUG Topshelf.Runtime.Windows.WindowsHostEnvironment - Started by the Windows services process
 Topshelf.Runtime.Windows.WindowsHostEnvironmentname2017-04-20 21:16:38,376 [1] DEBUG Topshelf.Builders.RunBuilder - Running as a service, creating service host.
 Topshelf.Builders.RunBuildername2017-04-20 21:16:38,391 [1] INFO  Topshelf.Runtime.Windows.WindowsServiceHost - Starting as a Windows service
 Topshelf.Runtime.Windows.WindowsServiceHostname2017-04-20 21:16:38,391 [1] DEBUG Topshelf.Runtime.Windows.WindowsServiceHost - [Topshelf] Starting up as a windows service application
 Topshelf.Runtime.Windows.WindowsServiceHostname2017-04-20 21:16:38,391 [16] INFO  Topshelf.Runtime.Windows.WindowsServiceHost - [Topshelf] Starting
 Topshelf.Runtime.Windows.WindowsServiceHostname2017-04-20 21:16:38,391 [16] DEBUG Topshelf.Runtime.Windows.WindowsServiceHost - [Topshelf] Current Directory: c:\D\work\实验室\Quartz.NetDemo\Quartz.NetDemo\bin\Debug
 Topshelf.Runtime.Windows.WindowsServiceHostname2017-04-20 21:16:38,391 [16] DEBUG Topshelf.Runtime.Windows.WindowsServiceHost - [Topshelf] Arguments: 
 Topshelf.Runtime.Windows.WindowsServiceHostname2017-04-20 21:16:38,888 [16] INFO  Topshelf.Runtime.Windows.WindowsServiceHost - [Topshelf] Started
 Topshelf.Runtime.Windows.WindowsServiceHostname2017-04-20 21:16:38,920 [QuartzTest_Worker-2] INFO  Quartz.NetDemo.TestJob - TestJob测试
 Quartz.NetDemo.TestJobname2017-04-20 21:16:38,920 [QuartzTest_Worker-1] INFO  Jobs.TestJob.Job - 独立项目的TestJob测试
 Jobs.TestJob.Jobname2017-04-20 21:16:39,014 [QuartzTest_Worker-3] INFO  Jobs.TestJob.Job - 独立项目的TestJob测试
 Jobs.TestJob.Jobname2017-04-20 21:16:40,007 [QuartzTest_Worker-4] INFO  Quartz.NetDemo.TestJob - TestJob测试
 Quartz.NetDemo.TestJobname2017-04-20 21:16:42,013 [QuartzTest_Worker-5] INFO  Jobs.TestJob.Job - 独立项目的TestJob测试
 Jobs.TestJob.Jobname2017-04-20 21:16:42,014 [QuartzTest_Worker-6] INFO  Quartz.NetDemo.TestJob - TestJob测试
 Quartz.NetDemo.TestJobname2017-04-20 21:16:44,006 [QuartzTest_Worker-7] INFO  Quartz.NetDemo.TestJob - TestJob测试
 Quartz.NetDemo.TestJobname2017-04-20 21:16:45,007 [QuartzTest_Worker-8] INFO  Jobs.TestJob.Job - 独立项目的TestJob测试
 Jobs.TestJob.Jobname2017-04-20 21:16:46,011 [QuartzTest_Worker-9] INFO  Quartz.NetDemo.TestJob - TestJob测试
 Quartz.NetDemo.TestJobname2017-04-20 21:16:48,012 [QuartzTest_Worker-10] INFO  Jobs.TestJob.Job - 独立项目的TestJob测试
 Jobs.TestJob.Jobname2017-04-20 21:16:48,012 [QuartzTest_Worker-1] INFO  Quartz.NetDemo.TestJob - TestJob测试
 Quartz.NetDemo.TestJobname2017-04-20 21:16:50,012 [QuartzTest_Worker-2] INFO  Quartz.NetDemo.TestJob - TestJob测试
 Quartz.NetDemo.TestJobname2017-04-20 21:16:51,007 [QuartzTest_Worker-3] INFO  Jobs.TestJob.Job - 独立项目的TestJob测试
 Jobs.TestJob.Jobname2017-04-20 21:16:52,012 [QuartzTest_Worker-4] INFO  Quartz.NetDemo.TestJob - TestJob测试
 Quartz.NetDemo.TestJobname2017-04-20 21:16:54,007 [QuartzTest_Worker-5] INFO  Jobs.TestJob.Job - 独立项目的TestJob测试
 Jobs.TestJob.Jobname2017-04-20 21:16:54,007 [QuartzTest_Worker-6] INFO  Quartz.NetDemo.TestJob - TestJob测试
 Quartz.NetDemo.TestJobname2017-04-20 21:16:56,012 [QuartzTest_Worker-7] INFO  Quartz.NetDemo.TestJob - TestJob测试
 Quartz.NetDemo.TestJobname2017-04-20 21:16:57,007 [QuartzTest_Worker-8] INFO  Jobs.TestJob.Job - 独立项目的TestJob测试
 Jobs.TestJob.Jobname2017-04-20 21:16:58,013 [QuartzTest_Worker-9] INFO  Quartz.NetDemo.TestJob - TestJob测试
 Quartz.NetDemo.TestJobname2017-04-20 21:17:00,014 [QuartzTest_Worker-10] INFO  Jobs.TestJob.Job - 独立项目的TestJob测试
 Jobs.TestJob.Jobname2017-04-20 21:17:00,015 [QuartzTest_Worker-1] INFO  Quartz.NetDemo.TestJob - TestJob测试
 Quartz.NetDemo.TestJobname2017-04-20 21:17:02,000 [QuartzTest_Worker-2] INFO  Quartz.NetDemo.TestJob - TestJob测试
 Quartz.NetDemo.TestJobname2017-04-20 21:17:03,007 [QuartzTest_Worker-3] INFO  Jobs.TestJob.Job - 独立项目的TestJob测试
 Jobs.TestJob.Jobname2017-04-20 21:17:04,001 [QuartzTest_Worker-4] INFO  Quartz.NetDemo.TestJob - TestJob测试
 Quartz.NetDemo.TestJobname2017-04-20 21:17:06,006 [QuartzTest_Worker-5] INFO  Jobs.TestJob.Job - 独立项目的TestJob测试
 Jobs.TestJob.Jobname2017-04-20 21:17:06,006 [QuartzTest_Worker-6] INFO  Quartz.NetDemo.TestJob - TestJob测试
 Quartz.NetDemo.TestJobname2017-04-20 21:17:08,002 [QuartzTest_Worker-7] INFO  Quartz.NetDemo.TestJob - TestJob测试
 Quartz.NetDemo.TestJobname2017-04-20 21:17:09,084 [QuartzTest_Worker-8] INFO  Jobs.TestJob.Job - 独立项目的TestJob测试
 Jobs.TestJob.Jobname2017-04-20 21:17:10,097 [QuartzTest_Worker-9] INFO  Quartz.NetDemo.TestJob - TestJob测试
 Quartz.NetDemo.TestJobname2017-04-20 21:17:12,015 [QuartzTest_Worker-1] INFO  Jobs.TestJob.Job - 独立项目的TestJob测试
 Jobs.TestJob.Jobname2017-04-20 21:17:12,015 [QuartzTest_Worker-10] INFO  Quartz.NetDemo.TestJob - TestJob测试
 Quartz.NetDemo.TestJobname2017-04-20 21:17:14,104 [QuartzTest_Worker-2] INFO  Quartz.NetDemo.TestJob - TestJob测试
 Quartz.NetDemo.TestJobname2017-04-20 21:17:15,008 [QuartzTest_Worker-3] INFO  Jobs.TestJob.Job - 独立项目的TestJob测试
 Jobs.TestJob.Jobname2017-04-20 21:17:16,027 [QuartzTest_Worker-4] INFO  Quartz.NetDemo.TestJob - TestJob测试
 Quartz.NetDemo.TestJobname2017-04-20 21:17:18,012 [QuartzTest_Worker-5] INFO  Jobs.TestJob.Job - 独立项目的TestJob测试
 Jobs.TestJob.Jobname2017-04-20 21:17:18,013 [QuartzTest_Worker-6] INFO  Quartz.NetDemo.TestJob - TestJob测试
 Quartz.NetDemo.TestJobname2017-04-20 21:17:20,011 [QuartzTest_Worker-7] INFO  Quartz.NetDemo.TestJob - TestJob测试
 Quartz.NetDemo.TestJobname2017-04-20 21:17:21,015 [QuartzTest_Worker-8] INFO  Jobs.TestJob.Job - 独立项目的TestJob测试
 Jobs.TestJob.Jobname2017-04-20 21:17:22,021 [QuartzTest_Worker-9] INFO  Quartz.NetDemo.TestJob - TestJob测试
 Quartz.NetDemo.TestJobname2017-04-20 21:17:24,008 [QuartzTest_Worker-1] INFO  Jobs.TestJob.Job - 独立项目的TestJob测试
 Jobs.TestJob.Jobname2017-04-20 21:17:24,008 [QuartzTest_Worker-10] INFO  Quartz.NetDemo.TestJob - TestJob测试
 Quartz.NetDemo.TestJobname2017-04-20 21:17:26,028 [QuartzTest_Worker-2] INFO  Quartz.NetDemo.TestJob - TestJob测试
 Quartz.NetDemo.TestJobname2017-04-20 21:17:27,011 [QuartzTest_Worker-3] INFO  Jobs.TestJob.Job - 独立项目的TestJob测试
 Jobs.TestJob.Jobname2017-04-20 21:17:28,175 [QuartzTest_Worker-4] INFO  Quartz.NetDemo.TestJob - TestJob测试
 Quartz.NetDemo.TestJobname2017-04-20 21:17:30,022 [QuartzTest_Worker-5] INFO  Jobs.TestJob.Job - 独立项目的TestJob测试
 Jobs.TestJob.Jobname2017-04-20 21:17:30,023 [QuartzTest_Worker-6] INFO  Quartz.NetDemo.TestJob - TestJob测试
 Quartz.NetDemo.TestJobname2017-04-20 21:17:32,030 [QuartzTest_Worker-7] INFO  Quartz.NetDemo.TestJob - TestJob测试
 Quartz.NetDemo.TestJobname2017-04-20 21:17:33,009 [QuartzTest_Worker-8] INFO  Jobs.TestJob.Job - 独立项目的TestJob测试
 Jobs.TestJob.Jobname2017-04-20 21:17:34,014 [QuartzTest_Worker-9] INFO  Quartz.NetDemo.TestJob - TestJob测试
 Quartz.NetDemo.TestJobname2017-04-20 21:17:36,014 [QuartzTest_Worker-1] INFO  Jobs.TestJob.Job - 独立项目的TestJob测试
 Jobs.TestJob.Jobname2017-04-20 21:17:36,015 [QuartzTest_Worker-10] INFO  Quartz.NetDemo.TestJob - TestJob测试
 Quartz.NetDemo.TestJobname2017-04-20 21:17:38,012 [QuartzTest_Worker-2] INFO  Quartz.NetDemo.TestJob - TestJob测试
 Quartz.NetDemo.TestJobname2017-04-20 21:17:39,009 [QuartzTest_Worker-3] INFO  Jobs.TestJob.Job - 独立项目的TestJob测试
 Jobs.TestJob.Jobname2017-04-20 21:17:40,019 [QuartzTest_Worker-4] INFO  Quartz.NetDemo.TestJob - TestJob测试
 Quartz.NetDemo.TestJobname2017-04-20 21:17:42,016 [QuartzTest_Worker-5] INFO  Jobs.TestJob.Job - 独立项目的TestJob测试
 Jobs.TestJob.Jobname2017-04-20 21:17:42,017 [QuartzTest_Worker-6] INFO  Quartz.NetDemo.TestJob - TestJob测试
 Quartz.NetDemo.TestJobname2017-04-20 21:17:44,007 [QuartzTest_Worker-7] INFO  Quartz.NetDemo.TestJob - TestJob测试
 Quartz.NetDemo.TestJobname2017-04-20 21:17:45,009 [QuartzTest_Worker-8] INFO  Jobs.TestJob.Job - 独立项目的TestJob测试
 Jobs.TestJob.Jobname2017-04-20 21:17:46,022 [QuartzTest_Worker-9] INFO  Quartz.NetDemo.TestJob - TestJob测试
 Quartz.NetDemo.TestJobname2017-04-20 21:17:48,003 [QuartzTest_Worker-1] INFO  Jobs.TestJob.Job - 独立项目的TestJob测试
 Jobs.TestJob.Jobname2017-04-20 21:17:48,003 [QuartzTest_Worker-10] INFO  Quartz.NetDemo.TestJob - TestJob测试
 Quartz.NetDemo.TestJobname2017-04-20 21:17:50,002 [QuartzTest_Worker-2] INFO  Quartz.NetDemo.TestJob - TestJob测试
 Quartz.NetDemo.TestJobname2017-04-20 21:17:51,015 [QuartzTest_Worker-3] INFO  Jobs.TestJob.Job - 独立项目的TestJob测试
 Jobs.TestJob.Jobname2017-04-20 21:17:52,010 [QuartzTest_Worker-4] INFO  Quartz.NetDemo.TestJob - TestJob测试
 Quartz.NetDemo.TestJobname2017-04-20 21:17:54,009 [QuartzTest_Worker-5] INFO  Jobs.TestJob.Job - 独立项目的TestJob测试
 Jobs.TestJob.Jobname2017-04-20 21:17:54,009 [QuartzTest_Worker-6] INFO  Quartz.NetDemo.TestJob - TestJob测试
 Quartz.NetDemo.TestJobname2017-04-20 21:17:56,013 [QuartzTest_Worker-7] INFO  Quartz.NetDemo.TestJob - TestJob测试
 Quartz.NetDemo.TestJobname2017-04-20 21:17:57,000 [QuartzTest_Worker-8] INFO  Jobs.TestJob.Job - 独立项目的TestJob测试
 Jobs.TestJob.Jobname2017-04-20 21:17:58,012 [QuartzTest_Worker-9] INFO  Quartz.NetDemo.TestJob - TestJob测试
 Quartz.NetDemo.TestJobname2017-04-20 21:18:00,011 [QuartzTest_Worker-1] INFO  Jobs.TestJob.Job - 独立项目的TestJob测试
 Jobs.TestJob.Jobname2017-04-20 21:18:00,011 [QuartzTest_Worker-10] INFO  Quartz.NetDemo.TestJob - TestJob测试
 Quartz.NetDemo.TestJobname2017-04-20 21:18:02,011 [QuartzTest_Worker-2] INFO  Quartz.NetDemo.TestJob - TestJob测试
 Quartz.NetDemo.TestJobname2017-04-20 21:18:03,010 [QuartzTest_Worker-3] INFO  Jobs.TestJob.Job - 独立项目的TestJob测试
 Jobs.TestJob.Jobname2017-04-20 21:18:04,010 [QuartzTest_Worker-4] INFO  Quartz.NetDemo.TestJob - TestJob测试
 Quartz.NetDemo.TestJobname2017-04-20 21:18:06,001 [QuartzTest_Worker-5] INFO  Jobs.TestJob.Job - 独立项目的TestJob测试
 Jobs.TestJob.Jobname2017-04-20 21:18:06,001 [QuartzTest_Worker-6] INFO  Quartz.NetDemo.TestJob - TestJob测试
 Quartz.NetDemo.TestJobname2017-04-20 21:18:08,015 [QuartzTest_Worker-7] INFO  Quartz.NetDemo.TestJob - TestJob测试
 Quartz.NetDemo.TestJobname2017-04-20 21:18:09,009 [QuartzTest_Worker-8] INFO  Jobs.TestJob.Job - 独立项目的TestJob测试
 Jobs.TestJob.Jobname2017-04-20 21:18:10,013 [QuartzTest_Worker-9] INFO  Quartz.NetDemo.TestJob - TestJob测试
 Quartz.NetDemo.TestJobname2017-04-20 21:18:12,005 [QuartzTest_Worker-1] INFO  Jobs.TestJob.Job - 独立项目的TestJob测试
 Jobs.TestJob.Jobname2017-04-20 21:18:12,007 [QuartzTest_Worker-10] INFO  Quartz.NetDemo.TestJob - TestJob测试
 Quartz.NetDemo.TestJobname2017-04-20 21:18:14,002 [QuartzTest_Worker-2] INFO  Quartz.NetDemo.TestJob - TestJob测试
 Quartz.NetDemo.TestJobname2017-04-20 21:18:15,000 [QuartzTest_Worker-3] INFO  Jobs.TestJob.Job - 独立项目的TestJob测试
 Jobs.TestJob.Jobname2017-04-20 21:18:16,011 [QuartzTest_Worker-4] INFO  Quartz.NetDemo.TestJob - TestJob测试
 Quartz.NetDemo.TestJobname2017-04-20 21:18:18,000 [QuartzTest_Worker-5] INFO  Jobs.TestJob.Job - 独立项目的TestJob测试
 Jobs.TestJob.Jobname2017-04-20 21:18:18,000 [QuartzTest_Worker-6] INFO  Quartz.NetDemo.TestJob - TestJob测试
 Quartz.NetDemo.TestJobname2017-04-20 21:18:20,053 [QuartzTest_Worker-7] INFO  Quartz.NetDemo.TestJob - TestJob测试
 Quartz.NetDemo.TestJobname2017-04-20 21:18:21,024 [QuartzTest_Worker-8] INFO  Jobs.TestJob.Job - 独立项目的TestJob测试
 Jobs.TestJob.Jobname2017-04-20 21:18:22,004 [QuartzTest_Worker-9] INFO  Quartz.NetDemo.TestJob - TestJob测试
 Quartz.NetDemo.TestJobname2017-04-20 21:18:24,018 [QuartzTest_Worker-1] INFO  Jobs.TestJob.Job - 独立项目的TestJob测试
 Jobs.TestJob.Jobname2017-04-20 21:18:24,018 [QuartzTest_Worker-10] INFO  Quartz.NetDemo.TestJob - TestJob测试
 Quartz.NetDemo.TestJobname2017-04-20 21:18:26,000 [QuartzTest_Worker-2] INFO  Quartz.NetDemo.TestJob - TestJob测试
 Quartz.NetDemo.TestJobname2017-04-20 21:18:27,000 [QuartzTest_Worker-3] INFO  Jobs.TestJob.Job - 独立项目的TestJob测试
 Jobs.TestJob.Jobname2017-04-20 21:18:28,003 [QuartzTest_Worker-4] INFO  Quartz.NetDemo.TestJob - TestJob测试
 Quartz.NetDemo.TestJobname2017-04-20 21:18:30,001 [QuartzTest_Worker-5] INFO  Jobs.TestJob.Job - 独立项目的TestJob测试
 Jobs.TestJob.Jobname2017-04-20 21:18:30,001 [QuartzTest_Worker-6] INFO  Quartz.NetDemo.TestJob - TestJob测试
 Quartz.NetDemo.TestJobname2017-04-20 21:18:32,006 [QuartzTest_Worker-7] INFO  Quartz.NetDemo.TestJob - TestJob测试
 Quartz.NetDemo.TestJobname2017-04-20 21:18:33,000 [QuartzTest_Worker-8] INFO  Jobs.TestJob.Job - 独立项目的TestJob测试
 Jobs.TestJob.Jobname2017-04-20 21:18:34,108 [QuartzTest_Worker-9] INFO  Quartz.NetDemo.TestJob - TestJob测试
 Quartz.NetDemo.TestJobname2017-04-20 21:18:36,000 [QuartzTest_Worker-1] INFO  Jobs.TestJob.Job - 独立项目的TestJob测试
 Jobs.TestJob.Jobname2017-04-20 21:18:36,001 [QuartzTest_Worker-10] INFO  Quartz.NetDemo.TestJob - TestJob测试
 Quartz.NetDemo.TestJobname2017-04-20 21:18:38,003 [QuartzTest_Worker-2] INFO  Quartz.NetDemo.TestJob - TestJob测试
 Quartz.NetDemo.TestJobname2017-04-20 21:18:39,004 [QuartzTest_Worker-3] INFO  Jobs.TestJob.Job - 独立项目的TestJob测试
 Jobs.TestJob.Jobname2017-04-20 21:18:40,002 [QuartzTest_Worker-4] INFO  Quartz.NetDemo.TestJob - TestJob测试
 Quartz.NetDemo.TestJobname2017-04-20 21:18:42,014 [QuartzTest_Worker-6] INFO  Jobs.TestJob.Job - 独立项目的TestJob测试
 Jobs.TestJob.Jobname2017-04-20 21:18:42,014 [QuartzTest_Worker-5] INFO  Quartz.NetDemo.TestJob - TestJob测试
 Quartz.NetDemo.TestJobname2017-04-20 21:18:44,000 [QuartzTest_Worker-7] INFO  Quartz.NetDemo.TestJob - TestJob测试
 Quartz.NetDemo.TestJobname2017-04-20 21:18:45,011 [QuartzTest_Worker-8] INFO  Jobs.TestJob.Job - 独立项目的TestJob测试
 Jobs.TestJob.Jobname2017-04-20 21:18:46,010 [QuartzTest_Worker-9] INFO  Quartz.NetDemo.TestJob - TestJob测试
 Quartz.NetDemo.TestJobname2017-04-20 21:18:48,013 [QuartzTest_Worker-1] INFO  Jobs.TestJob.Job - 独立项目的TestJob测试
 Jobs.TestJob.Jobname2017-04-20 21:18:48,015 [QuartzTest_Worker-10] INFO  Quartz.NetDemo.TestJob - TestJob测试
 Quartz.NetDemo.TestJobname2017-04-20 21:18:50,000 [QuartzTest_Worker-2] INFO  Quartz.NetDemo.TestJob - TestJob测试
 Quartz.NetDemo.TestJobname2017-04-20 21:18:51,011 [QuartzTest_Worker-3] INFO  Jobs.TestJob.Job - 独立项目的TestJob测试
 Jobs.TestJob.Jobname2017-04-20 21:18:52,016 [QuartzTest_Worker-4] INFO  Quartz.NetDemo.TestJob - TestJob测试
 Quartz.NetDemo.TestJobname2017-04-20 21:18:54,017 [QuartzTest_Worker-6] INFO  Jobs.TestJob.Job - 独立项目的TestJob测试
 Jobs.TestJob.Jobname2017-04-20 21:18:54,018 [QuartzTest_Worker-5] INFO  Quartz.NetDemo.TestJob - TestJob测试
 Quartz.NetDemo.TestJobname2017-04-20 21:18:56,013 [QuartzTest_Worker-7] INFO  Quartz.NetDemo.TestJob - TestJob测试
 Quartz.NetDemo.TestJobname2017-04-20 21:18:57,013 [QuartzTest_Worker-8] INFO  Jobs.TestJob.Job - 独立项目的TestJob测试
 Jobs.TestJob.Jobname2017-04-20 21:18:58,013 [QuartzTest_Worker-9] INFO  Quartz.NetDemo.TestJob - TestJob测试
 Quartz.NetDemo.TestJobname2017-04-20 21:19:00,001 [QuartzTest_Worker-1] INFO  Jobs.TestJob.Job - 独立项目的TestJob测试
 Jobs.TestJob.Jobname2017-04-20 21:19:00,002 [QuartzTest_Worker-10] INFO  Quartz.NetDemo.TestJob - TestJob测试
 Quartz.NetDemo.TestJobname2017-04-20 21:19:02,008 [QuartzTest_Worker-2] INFO  Quartz.NetDemo.TestJob - TestJob测试
 Quartz.NetDemo.TestJobname2017-04-20 21:19:03,013 [QuartzTest_Worker-3] INFO  Jobs.TestJob.Job - 独立项目的TestJob测试
 Jobs.TestJob.Jobname2017-04-20 21:19:04,010 [QuartzTest_Worker-4] INFO  Quartz.NetDemo.TestJob - TestJob测试
 Quartz.NetDemo.TestJobname2017-04-20 21:19:06,011 [QuartzTest_Worker-6] INFO  Jobs.TestJob.Job - 独立项目的TestJob测试
 Jobs.TestJob.Jobname2017-04-20 21:19:06,012 [QuartzTest_Worker-5] INFO  Quartz.NetDemo.TestJob - TestJob测试
 Quartz.NetDemo.TestJobname2017-04-20 21:19:08,000 [QuartzTest_Worker-7] INFO  Quartz.NetDemo.TestJob - TestJob测试
 Quartz.NetDemo.TestJobname2017-04-20 21:19:09,000 [QuartzTest_Worker-8] INFO  Jobs.TestJob.Job - 独立项目的TestJob测试
 Jobs.TestJob.Jobname2017-04-20 21:19:10,010 [QuartzTest_Worker-9] INFO  Quartz.NetDemo.TestJob - TestJob测试
 Quartz.NetDemo.TestJobname2017-04-20 21:19:12,023 [QuartzTest_Worker-1] INFO  Jobs.TestJob.Job - 独立项目的TestJob测试
 Jobs.TestJob.Jobname2017-04-20 21:19:12,024 [QuartzTest_Worker-10] INFO  Quartz.NetDemo.TestJob - TestJob测试
 Quartz.NetDemo.TestJobname2017-04-20 21:19:14,002 [QuartzTest_Worker-2] INFO  Quartz.NetDemo.TestJob - TestJob测试
 Quartz.NetDemo.TestJobname2017-04-20 21:19:15,000 [QuartzTest_Worker-3] INFO  Jobs.TestJob.Job - 独立项目的TestJob测试
 Jobs.TestJob.Jobname2017-04-20 21:19:16,000 [QuartzTest_Worker-4] INFO  Quartz.NetDemo.TestJob - TestJob测试
 Quartz.NetDemo.TestJobname2017-04-20 21:19:18,003 [QuartzTest_Worker-6] INFO  Jobs.TestJob.Job - 独立项目的TestJob测试
 Jobs.TestJob.Jobname2017-04-20 21:19:18,003 [QuartzTest_Worker-5] INFO  Quartz.NetDemo.TestJob - TestJob测试
 Quartz.NetDemo.TestJobname2017-04-20 21:19:20,038 [QuartzTest_Worker-7] INFO  Quartz.NetDemo.TestJob - TestJob测试
 Quartz.NetDemo.TestJobname2017-04-20 21:19:21,034 [QuartzTest_Worker-8] INFO  Jobs.TestJob.Job - 独立项目的TestJob测试
 Jobs.TestJob.Jobname2017-04-20 21:19:22,098 [QuartzTest_Worker-9] INFO  Quartz.NetDemo.TestJob - TestJob测试
 Quartz.NetDemo.TestJobname2017-04-20 21:19:24,177 [QuartzTest_Worker-1] INFO  Jobs.TestJob.Job - 独立项目的TestJob测试
 Jobs.TestJob.Jobname2017-04-20 21:19:24,178 [QuartzTest_Worker-10] INFO  Quartz.NetDemo.TestJob - TestJob测试
 Quartz.NetDemo.TestJobname2017-04-20 21:19:26,016 [QuartzTest_Worker-2] INFO  Quartz.NetDemo.TestJob - TestJob测试
 Quartz.NetDemo.TestJobname2017-04-20 21:19:27,056 [QuartzTest_Worker-3] INFO  Jobs.TestJob.Job - 独立项目的TestJob测试
 Jobs.TestJob.Jobname2017-04-20 21:19:28,016 [QuartzTest_Worker-4] INFO  Quartz.NetDemo.TestJob - TestJob测试
 Quartz.NetDemo.TestJobname2017-04-20 21:19:30,087 [QuartzTest_Worker-5] INFO  Jobs.TestJob.Job - 独立项目的TestJob测试
 Jobs.TestJob.Jobname2017-04-20 21:19:30,087 [QuartzTest_Worker-6] INFO  Quartz.NetDemo.TestJob - TestJob测试
 Quartz.NetDemo.TestJobname2017-04-20 21:19:32,001 [QuartzTest_Worker-7] INFO  Quartz.NetDemo.TestJob - TestJob测试
 Quartz.NetDemo.TestJobname2017-04-20 21:19:33,002 [QuartzTest_Worker-8] INFO  Jobs.TestJob.Job - 独立项目的TestJob测试
 Jobs.TestJob.Jobname2017-04-20 21:19:34,000 [QuartzTest_Worker-9] INFO  Quartz.NetDemo.TestJob - TestJob测试
 Quartz.NetDemo.TestJobname2017-04-20 21:19:36,084 [QuartzTest_Worker-1] INFO  Jobs.TestJob.Job - 独立项目的TestJob测试
 Jobs.TestJob.Jobname2017-04-20 21:19:36,084 [QuartzTest_Worker-10] INFO  Quartz.NetDemo.TestJob - TestJob测试
 Quartz.NetDemo.TestJobname2017-04-20 21:19:38,066 [QuartzTest_Worker-2] INFO  Quartz.NetDemo.TestJob - TestJob测试
 Quartz.NetDemo.TestJobname2017-04-20 21:19:39,001 [QuartzTest_Worker-3] INFO  Jobs.TestJob.Job - 独立项目的TestJob测试
 Jobs.TestJob.Jobname2017-04-20 21:19:40,000 [QuartzTest_Worker-4] INFO  Quartz.NetDemo.TestJob - TestJob测试
 Quartz.NetDemo.TestJobname2017-04-20 21:19:42,026 [QuartzTest_Worker-5] INFO  Jobs.TestJob.Job - 独立项目的TestJob测试
 Jobs.TestJob.Jobname2017-04-20 21:19:42,026 [QuartzTest_Worker-6] INFO  Quartz.NetDemo.TestJob - TestJob测试
 Quartz.NetDemo.TestJobname2017-04-20 21:19:44,000 [QuartzTest_Worker-7] INFO  Quartz.NetDemo.TestJob - TestJob测试
 Quartz.NetDemo.TestJobname2017-04-20 21:19:45,018 [QuartzTest_Worker-8] INFO  Jobs.TestJob.Job - 独立项目的TestJob测试
 Jobs.TestJob.Jobname2017-04-20 21:19:46,012 [QuartzTest_Worker-9] INFO  Quartz.NetDemo.TestJob - TestJob测试
 Quartz.NetDemo.TestJobname2017-04-20 21:19:48,003 [QuartzTest_Worker-1] INFO  Jobs.TestJob.Job - 独立项目的TestJob测试
 Jobs.TestJob.Jobname2017-04-20 21:19:48,004 [QuartzTest_Worker-10] INFO  Quartz.NetDemo.TestJob - TestJob测试
 Quartz.NetDemo.TestJobname2017-04-20 21:19:50,058 [QuartzTest_Worker-2] INFO  Quartz.NetDemo.TestJob - TestJob测试
 Quartz.NetDemo.TestJobname2017-04-20 21:19:51,053 [QuartzTest_Worker-3] INFO  Jobs.TestJob.Job - 独立项目的TestJob测试
 Jobs.TestJob.Jobname2017-04-20 21:19:52,074 [QuartzTest_Worker-4] INFO  Quartz.NetDemo.TestJob - TestJob测试
 Quartz.NetDemo.TestJobname2017-04-20 21:19:54,037 [QuartzTest_Worker-6] INFO  Jobs.TestJob.Job - 独立项目的TestJob测试
 Jobs.TestJob.Jobname2017-04-20 21:19:54,037 [QuartzTest_Worker-5] INFO  Quartz.NetDemo.TestJob - TestJob测试
 Quartz.NetDemo.TestJobname2017-04-20 21:19:56,027 [QuartzTest_Worker-7] INFO  Quartz.NetDemo.TestJob - TestJob测试
 Quartz.NetDemo.TestJobname2017-04-20 21:19:57,762 [QuartzTest_Worker-8] INFO  Jobs.TestJob.Job - 独立项目的TestJob测试
 Jobs.TestJob.Jobname2017-04-20 21:19:58,177 [QuartzTest_Worker-9] INFO  Quartz.NetDemo.TestJob - TestJob测试
 Quartz.NetDemo.TestJobname2017-04-20 21:20:00,067 [QuartzTest_Worker-1] INFO  Jobs.TestJob.Job - 独立项目的TestJob测试
 Jobs.TestJob.Jobname2017-04-20 21:20:00,067 [QuartzTest_Worker-10] INFO  Quartz.NetDemo.TestJob - TestJob测试
 Quartz.NetDemo.TestJobname2017-04-20 21:20:02,644 [QuartzTest_Worker-2] INFO  Quartz.NetDemo.TestJob - TestJob测试
 Quartz.NetDemo.TestJobname2017-04-20 21:20:03,015 [QuartzTest_Worker-3] INFO  Jobs.TestJob.Job - 独立项目的TestJob测试
 Jobs.TestJob.Jobname2017-04-20 21:20:04,075 [QuartzTest_Worker-4] INFO  Quartz.NetDemo.TestJob - TestJob测试
 Quartz.NetDemo.TestJobname2017-04-20 21:20:06,017 [QuartzTest_Worker-6] INFO  Jobs.TestJob.Job - 独立项目的TestJob测试
 Jobs.TestJob.Jobname2017-04-20 21:20:06,018 [QuartzTest_Worker-5] INFO  Quartz.NetDemo.TestJob - TestJob测试
 Quartz.NetDemo.TestJobname2017-04-20 21:20:08,027 [QuartzTest_Worker-7] INFO  Quartz.NetDemo.TestJob - TestJob测试
 Quartz.NetDemo.TestJobname2017-04-20 21:20:09,009 [QuartzTest_Worker-8] INFO  Jobs.TestJob.Job - 独立项目的TestJob测试
 Jobs.TestJob.Jobname2017-04-20 21:20:10,066 [QuartzTest_Worker-9] INFO  Quartz.NetDemo.TestJob - TestJob测试
 Quartz.NetDemo.TestJobname2017-04-20 21:20:12,068 [QuartzTest_Worker-1] INFO  Jobs.TestJob.Job - 独立项目的TestJob测试
 Jobs.TestJob.Jobname2017-04-20 21:20:12,069 [QuartzTest_Worker-10] INFO  Quartz.NetDemo.TestJob - TestJob测试
 Quartz.NetDemo.TestJobname2017-04-20 21:20:14,071 [QuartzTest_Worker-2] INFO  Quartz.NetDemo.TestJob - TestJob测试
 Quartz.NetDemo.TestJobname2017-04-20 21:20:15,020 [QuartzTest_Worker-3] INFO  Jobs.TestJob.Job - 独立项目的TestJob测试
 Jobs.TestJob.Jobname2017-04-20 21:20:16,115 [QuartzTest_Worker-4] INFO  Quartz.NetDemo.TestJob - TestJob测试
 Quartz.NetDemo.TestJobname2017-04-20 21:20:18,001 [QuartzTest_Worker-5] INFO  Jobs.TestJob.Job - 独立项目的TestJob测试
 Jobs.TestJob.Jobname2017-04-20 21:20:18,001 [QuartzTest_Worker-6] INFO  Quartz.NetDemo.TestJob - TestJob测试
 Quartz.NetDemo.TestJobname2017-04-20 21:20:20,314 [QuartzTest_Worker-7] INFO  Quartz.NetDemo.TestJob - TestJob测试
 Quartz.NetDemo.TestJobname2017-04-20 21:20:21,043 [QuartzTest_Worker-8] INFO  Jobs.TestJob.Job - 独立项目的TestJob测试
 Jobs.TestJob.Jobname2017-04-20 21:20:22,049 [QuartzTest_Worker-9] INFO  Quartz.NetDemo.TestJob - TestJob测试
 Quartz.NetDemo.TestJobname2017-04-20 21:20:24,002 [QuartzTest_Worker-1] INFO  Jobs.TestJob.Job - 独立项目的TestJob测试
 Jobs.TestJob.Jobname2017-04-20 21:20:24,002 [QuartzTest_Worker-10] INFO  Quartz.NetDemo.TestJob - TestJob测试
 Quartz.NetDemo.TestJobname2017-04-20 21:20:26,037 [QuartzTest_Worker-2] INFO  Quartz.NetDemo.TestJob - TestJob测试
 Quartz.NetDemo.TestJobname2017-04-20 21:20:27,068 [QuartzTest_Worker-3] INFO  Jobs.TestJob.Job - 独立项目的TestJob测试
 Jobs.TestJob.Jobname2017-04-20 21:20:28,059 [QuartzTest_Worker-4] INFO  Quartz.NetDemo.TestJob - TestJob测试
 Quartz.NetDemo.TestJobname2017-04-20 21:20:30,038 [QuartzTest_Worker-5] INFO  Jobs.TestJob.Job - 独立项目的TestJob测试
 Jobs.TestJob.Jobname2017-04-20 21:20:30,038 [QuartzTest_Worker-6] INFO  Quartz.NetDemo.TestJob - TestJob测试
 Quartz.NetDemo.TestJobname2017-04-20 21:20:32,049 [QuartzTest_Worker-7] INFO  Quartz.NetDemo.TestJob - TestJob测试
 Quartz.NetDemo.TestJobname2017-04-20 21:20:33,013 [QuartzTest_Worker-8] INFO  Jobs.TestJob.Job - 独立项目的TestJob测试
 Jobs.TestJob.Jobname2017-04-20 21:20:34,012 [QuartzTest_Worker-9] INFO  Quartz.NetDemo.TestJob - TestJob测试
 Quartz.NetDemo.TestJobname2017-04-20 21:20:36,043 [QuartzTest_Worker-1] INFO  Jobs.TestJob.Job - 独立项目的TestJob测试
 Jobs.TestJob.Jobname2017-04-20 21:20:36,043 [QuartzTest_Worker-10] INFO  Quartz.NetDemo.TestJob - TestJob测试
 Quartz.NetDemo.TestJobname2017-04-20 21:20:38,000 [QuartzTest_Worker-2] INFO  Quartz.NetDemo.TestJob - TestJob测试
 Quartz.NetDemo.TestJobname2017-04-20 21:20:39,099 [QuartzTest_Worker-3] INFO  Jobs.TestJob.Job - 独立项目的TestJob测试
 Jobs.TestJob.Jobname2017-04-20 21:20:40,087 [QuartzTest_Worker-4] INFO  Quartz.NetDemo.TestJob - TestJob测试
 Quartz.NetDemo.TestJobname2017-04-20 21:20:42,000 [QuartzTest_Worker-5] INFO  Jobs.TestJob.Job - 独立项目的TestJob测试
 Jobs.TestJob.Jobname2017-04-20 21:20:42,000 [QuartzTest_Worker-6] INFO  Quartz.NetDemo.TestJob - TestJob测试
 Quartz.NetDemo.TestJobname2017-04-20 21:20:44,000 [QuartzTest_Worker-7] INFO  Quartz.NetDemo.TestJob - TestJob测试
 Quartz.NetDemo.TestJobname2017-04-20 21:20:45,000 [QuartzTest_Worker-8] INFO  Jobs.TestJob.Job - 独立项目的TestJob测试
 Jobs.TestJob.Jobname2017-04-20 21:20:46,000 [QuartzTest_Worker-9] INFO  Quartz.NetDemo.TestJob - TestJob测试
 Quartz.NetDemo.TestJobname2017-04-20 21:20:48,000 [QuartzTest_Worker-1] INFO  Jobs.TestJob.Job - 独立项目的TestJob测试
 Jobs.TestJob.Jobname2017-04-20 21:20:48,005 [QuartzTest_Worker-10] INFO  Quartz.NetDemo.TestJob - TestJob测试
 Quartz.NetDemo.TestJobname2017-04-20 21:20:50,000 [QuartzTest_Worker-2] INFO  Quartz.NetDemo.TestJob - TestJob测试
 Quartz.NetDemo.TestJobname2017-04-20 21:20:51,000 [QuartzTest_Worker-3] INFO  Jobs.TestJob.Job - 独立项目的TestJob测试
 Jobs.TestJob.Jobname2017-04-20 21:20:52,000 [QuartzTest_Worker-4] INFO  Quartz.NetDemo.TestJob - TestJob测试
 Quartz.NetDemo.TestJobname2017-04-20 21:20:54,000 [QuartzTest_Worker-5] INFO  Jobs.TestJob.Job - 独立项目的TestJob测试
 Jobs.TestJob.Jobname2017-04-20 21:20:54,000 [QuartzTest_Worker-6] INFO  Quartz.NetDemo.TestJob - TestJob测试
 Quartz.NetDemo.TestJobname2017-04-20 21:20:56,000 [QuartzTest_Worker-7] INFO  Quartz.NetDemo.TestJob - TestJob测试
 Quartz.NetDemo.TestJobname2017-04-20 21:20:57,000 [QuartzTest_Worker-8] INFO  Jobs.TestJob.Job - 独立项目的TestJob测试
 Jobs.TestJob.Jobname2017-04-20 21:20:58,000 [QuartzTest_Worker-9] INFO  Quartz.NetDemo.TestJob - TestJob测试
 Quartz.NetDemo.TestJobname2017-04-20 21:21:00,011 [QuartzTest_Worker-1] INFO  Jobs.TestJob.Job - 独立项目的TestJob测试
 Jobs.TestJob.Jobname2017-04-20 21:21:00,012 [QuartzTest_Worker-10] INFO  Quartz.NetDemo.TestJob - TestJob测试
 Quartz.NetDemo.TestJobname2017-04-20 21:21:02,000 [QuartzTest_Worker-2] INFO  Quartz.NetDemo.TestJob - TestJob测试
 Quartz.NetDemo.TestJobname2017-04-20 21:21:03,009 [QuartzTest_Worker-3] INFO  Jobs.TestJob.Job - 独立项目的TestJob测试
 Jobs.TestJob.Jobname2017-04-20 21:21:04,000 [QuartzTest_Worker-4] INFO  Quartz.NetDemo.TestJob - TestJob测试
 Quartz.NetDemo.TestJobname2017-04-20 21:21:06,000 [QuartzTest_Worker-5] INFO  Jobs.TestJob.Job - 独立项目的TestJob测试
 Jobs.TestJob.Jobname2017-04-20 21:21:06,002 [QuartzTest_Worker-6] INFO  Quartz.NetDemo.TestJob - TestJob测试
 Quartz.NetDemo.TestJobname2017-04-20 21:21:08,000 [QuartzTest_Worker-7] INFO  Quartz.NetDemo.TestJob - TestJob测试
 Quartz.NetDemo.TestJobname2017-04-20 21:21:09,000 [QuartzTest_Worker-8] INFO  Jobs.TestJob.Job - 独立项目的TestJob测试
 Jobs.TestJob.Jobname2017-04-20 21:21:10,001 [QuartzTest_Worker-9] INFO  Quartz.NetDemo.TestJob - TestJob测试
 Quartz.NetDemo.TestJobname2017-04-20 21:21:12,000 [QuartzTest_Worker-1] INFO  Jobs.TestJob.Job - 独立项目的TestJob测试
 Jobs.TestJob.Jobname2017-04-20 21:21:12,000 [QuartzTest_Worker-10] INFO  Quartz.NetDemo.TestJob - TestJob测试
 Quartz.NetDemo.TestJobname2017-04-20 21:21:14,000 [QuartzTest_Worker-2] INFO  Quartz.NetDemo.TestJob - TestJob测试
 Quartz.NetDemo.TestJobname2017-04-20 21:21:15,043 [QuartzTest_Worker-3] INFO  Jobs.TestJob.Job - 独立项目的TestJob测试
 Jobs.TestJob.Jobname2017-04-20 21:21:16,004 [QuartzTest_Worker-4] INFO  Quartz.NetDemo.TestJob - TestJob测试
 Quartz.NetDemo.TestJobname2017-04-20 21:21:18,027 [QuartzTest_Worker-5] INFO  Jobs.TestJob.Job - 独立项目的TestJob测试
 Jobs.TestJob.Jobname2017-04-20 21:21:18,028 [QuartzTest_Worker-6] INFO  Quartz.NetDemo.TestJob - TestJob测试
 Quartz.NetDemo.TestJobname2017-04-20 21:21:20,027 [QuartzTest_Worker-7] INFO  Quartz.NetDemo.TestJob - TestJob测试
 Quartz.NetDemo.TestJobname2017-04-20 21:21:21,012 [QuartzTest_Worker-8] INFO  Jobs.TestJob.Job - 独立项目的TestJob测试
 Jobs.TestJob.Jobname2017-04-20 21:21:22,002 [QuartzTest_Worker-9] INFO  Quartz.NetDemo.TestJob - TestJob测试
 Quartz.NetDemo.TestJobname2017-04-20 21:21:24,039 [QuartzTest_Worker-1] INFO  Jobs.TestJob.Job - 独立项目的TestJob测试
 Jobs.TestJob.Jobname2017-04-20 21:21:24,040 [QuartzTest_Worker-10] INFO  Quartz.NetDemo.TestJob - TestJob测试
 Quartz.NetDemo.TestJobname2017-04-20 21:21:26,012 [QuartzTest_Worker-2] INFO  Quartz.NetDemo.TestJob - TestJob测试
 Quartz.NetDemo.TestJobname2017-04-20 21:21:27,006 [QuartzTest_Worker-3] INFO  Jobs.TestJob.Job - 独立项目的TestJob测试
 Jobs.TestJob.Jobname2017-04-20 21:21:28,000 [QuartzTest_Worker-4] INFO  Quartz.NetDemo.TestJob - TestJob测试
 Quartz.NetDemo.TestJobname2017-04-20 21:21:30,007 [QuartzTest_Worker-5] INFO  Jobs.TestJob.Job - 独立项目的TestJob测试
 Jobs.TestJob.Jobname2017-04-20 21:21:30,007 [QuartzTest_Worker-6] INFO  Quartz.NetDemo.TestJob - TestJob测试
 Quartz.NetDemo.TestJobname2017-04-20 21:21:32,001 [QuartzTest_Worker-7] INFO  Quartz.NetDemo.TestJob - TestJob测试
 Quartz.NetDemo.TestJobname2017-04-20 21:21:33,011 [QuartzTest_Worker-8] INFO  Jobs.TestJob.Job - 独立项目的TestJob测试
 Jobs.TestJob.Jobname2017-04-20 21:21:34,000 [QuartzTest_Worker-9] INFO  Quartz.NetDemo.TestJob - TestJob测试
 Quartz.NetDemo.TestJobname2017-04-20 21:21:36,007 [QuartzTest_Worker-1] INFO  Jobs.TestJob.Job - 独立项目的TestJob测试
 Jobs.TestJob.Jobname2017-04-20 21:21:36,007 [QuartzTest_Worker-10] INFO  Quartz.NetDemo.TestJob - TestJob测试
 Quartz.NetDemo.TestJobname2017-04-20 21:21:38,015 [QuartzTest_Worker-2] INFO  Quartz.NetDemo.TestJob - TestJob测试
 Quartz.NetDemo.TestJobname2017-04-20 21:21:39,011 [QuartzTest_Worker-3] INFO  Jobs.TestJob.Job - 独立项目的TestJob测试
 Jobs.TestJob.Jobname2017-04-20 21:21:40,010 [QuartzTest_Worker-4] INFO  Quartz.NetDemo.TestJob - TestJob测试
 Quartz.NetDemo.TestJobname2017-04-20 21:21:42,000 [QuartzTest_Worker-5] INFO  Jobs.TestJob.Job - 独立项目的TestJob测试
 Jobs.TestJob.Jobname2017-04-20 21:21:42,000 [QuartzTest_Worker-6] INFO  Quartz.NetDemo.TestJob - TestJob测试
 Quartz.NetDemo.TestJobname2017-04-20 21:21:44,000 [QuartzTest_Worker-7] INFO  Quartz.NetDemo.TestJob - TestJob测试
 Quartz.NetDemo.TestJobname2017-04-20 21:21:45,009 [QuartzTest_Worker-8] INFO  Jobs.TestJob.Job - 独立项目的TestJob测试
 Jobs.TestJob.Jobname2017-04-20 21:21:46,011 [QuartzTest_Worker-9] INFO  Quartz.NetDemo.TestJob - TestJob测试
 Quartz.NetDemo.TestJobname2017-04-20 21:21:48,011 [QuartzTest_Worker-10] INFO  Jobs.TestJob.Job - 独立项目的TestJob测试
 Jobs.TestJob.Jobname2017-04-20 21:21:48,012 [QuartzTest_Worker-1] INFO  Quartz.NetDemo.TestJob - TestJob测试
 Quartz.NetDemo.TestJobname2017-04-20 21:21:50,010 [QuartzTest_Worker-2] INFO  Quartz.NetDemo.TestJob - TestJob测试
 Quartz.NetDemo.TestJobname2017-04-20 21:21:51,014 [QuartzTest_Worker-3] INFO  Jobs.TestJob.Job - 独立项目的TestJob测试
 Jobs.TestJob.Jobname2017-04-20 21:21:52,001 [QuartzTest_Worker-4] INFO  Quartz.NetDemo.TestJob - TestJob测试
 Quartz.NetDemo.TestJobname2017-04-20 21:21:54,008 [QuartzTest_Worker-5] INFO  Jobs.TestJob.Job - 独立项目的TestJob测试
 Jobs.TestJob.Jobname2017-04-20 21:21:54,008 [QuartzTest_Worker-6] INFO  Quartz.NetDemo.TestJob - TestJob测试
 Quartz.NetDemo.TestJobname2017-04-20 21:21:56,010 [QuartzTest_Worker-7] INFO  Quartz.NetDemo.TestJob - TestJob测试
 Quartz.NetDemo.TestJobname2017-04-20 21:21:57,010 [QuartzTest_Worker-8] INFO  Jobs.TestJob.Job - 独立项目的TestJob测试
 Jobs.TestJob.Jobname2017-04-20 21:21:58,001 [QuartzTest_Worker-9] INFO  Quartz.NetDemo.TestJob - TestJob测试
 Quartz.NetDemo.TestJobname2017-04-20 21:22:00,002 [QuartzTest_Worker-10] INFO  Jobs.TestJob.Job - 独立项目的TestJob测试
 Jobs.TestJob.Jobname2017-04-20 21:22:00,003 [QuartzTest_Worker-1] INFO  Quartz.NetDemo.TestJob - TestJob测试
 Quartz.NetDemo.TestJobname2017-04-20 21:22:02,022 [QuartzTest_Worker-2] INFO  Quartz.NetDemo.TestJob - TestJob测试
 Quartz.NetDemo.TestJobname2017-04-20 21:22:03,001 [QuartzTest_Worker-3] INFO  Jobs.TestJob.Job - 独立项目的TestJob测试
 Jobs.TestJob.Jobname2017-04-20 21:22:04,016 [QuartzTest_Worker-4] INFO  Quartz.NetDemo.TestJob - TestJob测试
 Quartz.NetDemo.TestJobname2017-04-20 21:22:06,014 [QuartzTest_Worker-6] INFO  Jobs.TestJob.Job - 独立项目的TestJob测试
 Jobs.TestJob.Jobname2017-04-20 21:22:06,015 [QuartzTest_Worker-5] INFO  Quartz.NetDemo.TestJob - TestJob测试
 Quartz.NetDemo.TestJobname2017-04-20 21:22:08,001 [QuartzTest_Worker-7] INFO  Quartz.NetDemo.TestJob - TestJob测试
 Quartz.NetDemo.TestJobname2017-04-20 21:22:09,000 [QuartzTest_Worker-8] INFO  Jobs.TestJob.Job - 独立项目的TestJob测试
 Jobs.TestJob.Jobname2017-04-20 21:22:10,014 [QuartzTest_Worker-9] INFO  Quartz.NetDemo.TestJob - TestJob测试
 Quartz.NetDemo.TestJobname2017-04-20 21:22:12,000 [QuartzTest_Worker-10] INFO  Jobs.TestJob.Job - 独立项目的TestJob测试
 Jobs.TestJob.Jobname2017-04-20 21:22:12,004 [QuartzTest_Worker-1] INFO  Quartz.NetDemo.TestJob - TestJob测试
 Quartz.NetDemo.TestJobname2017-04-20 21:22:14,015 [QuartzTest_Worker-2] INFO  Quartz.NetDemo.TestJob - TestJob测试
 Quartz.NetDemo.TestJobname2017-04-20 21:22:15,000 [QuartzTest_Worker-3] INFO  Jobs.TestJob.Job - 独立项目的TestJob测试
 Jobs.TestJob.Jobname2017-04-20 21:22:16,011 [QuartzTest_Worker-4] INFO  Quartz.NetDemo.TestJob - TestJob测试
 Quartz.NetDemo.TestJobname2017-04-20 21:22:18,015 [QuartzTest_Worker-6] INFO  Jobs.TestJob.Job - 独立项目的TestJob测试
 Jobs.TestJob.Jobname2017-04-20 21:22:18,019 [QuartzTest_Worker-5] INFO  Quartz.NetDemo.TestJob - TestJob测试
 Quartz.NetDemo.TestJobname2017-04-20 21:22:20,006 [QuartzTest_Worker-7] INFO  Quartz.NetDemo.TestJob - TestJob测试
 Quartz.NetDemo.TestJobname2017-04-20 21:22:21,001 [QuartzTest_Worker-8] INFO  Jobs.TestJob.Job - 独立项目的TestJob测试
 Jobs.TestJob.Jobname2017-04-20 21:22:22,001 [QuartzTest_Worker-9] INFO  Quartz.NetDemo.TestJob - TestJob测试
 Quartz.NetDemo.TestJobname2017-04-20 21:22:24,011 [QuartzTest_Worker-10] INFO  Jobs.TestJob.Job - 独立项目的TestJob测试
 Jobs.TestJob.Jobname2017-04-20 21:22:24,011 [QuartzTest_Worker-1] INFO  Quartz.NetDemo.TestJob - TestJob测试
 Quartz.NetDemo.TestJobname2017-04-20 21:22:26,011 [QuartzTest_Worker-2] INFO  Quartz.NetDemo.TestJob - TestJob测试
 Quartz.NetDemo.TestJobname2017-04-20 21:22:27,011 [QuartzTest_Worker-3] INFO  Jobs.TestJob.Job - 独立项目的TestJob测试
 Jobs.TestJob.Jobname2017-04-20 21:22:28,000 [QuartzTest_Worker-4] INFO  Quartz.NetDemo.TestJob - TestJob测试
 Quartz.NetDemo.TestJobname2017-04-20 21:22:30,000 [QuartzTest_Worker-6] INFO  Jobs.TestJob.Job - 独立项目的TestJob测试
 Jobs.TestJob.Jobname2017-04-20 21:22:30,000 [QuartzTest_Worker-5] INFO  Quartz.NetDemo.TestJob - TestJob测试
 Quartz.NetDemo.TestJobname2017-04-20 21:22:32,001 [QuartzTest_Worker-7] INFO  Quartz.NetDemo.TestJob - TestJob测试
 Quartz.NetDemo.TestJobname2017-04-20 21:22:33,011 [QuartzTest_Worker-8] INFO  Jobs.TestJob.Job - 独立项目的TestJob测试
 Jobs.TestJob.Jobname2017-04-20 21:22:34,011 [QuartzTest_Worker-9] INFO  Quartz.NetDemo.TestJob - TestJob测试
 Quartz.NetDemo.TestJobname2017-04-20 21:22:36,012 [QuartzTest_Worker-10] INFO  Jobs.TestJob.Job - 独立项目的TestJob测试
 Jobs.TestJob.Jobname2017-04-20 21:22:36,013 [QuartzTest_Worker-1] INFO  Quartz.NetDemo.TestJob - TestJob测试
 Quartz.NetDemo.TestJobname2017-04-20 21:22:38,007 [QuartzTest_Worker-2] INFO  Quartz.NetDemo.TestJob - TestJob测试
 Quartz.NetDemo.TestJobname2017-04-20 21:22:39,000 [QuartzTest_Worker-3] INFO  Jobs.TestJob.Job - 独立项目的TestJob测试
 Jobs.TestJob.Jobname2017-04-20 21:22:40,011 [QuartzTest_Worker-4] INFO  Quartz.NetDemo.TestJob - TestJob测试
 Quartz.NetDemo.TestJobname2017-04-20 21:22:42,002 [QuartzTest_Worker-6] INFO  Jobs.TestJob.Job - 独立项目的TestJob测试
 Jobs.TestJob.Jobname2017-04-20 21:22:42,002 [QuartzTest_Worker-5] INFO  Quartz.NetDemo.TestJob - TestJob测试
 Quartz.NetDemo.TestJobname2017-04-20 21:22:44,014 [QuartzTest_Worker-7] INFO  Quartz.NetDemo.TestJob - TestJob测试
 Quartz.NetDemo.TestJobname2017-04-20 21:22:45,013 [QuartzTest_Worker-8] INFO  Jobs.TestJob.Job - 独立项目的TestJob测试
 Jobs.TestJob.Jobname2017-04-20 21:22:46,000 [QuartzTest_Worker-9] INFO  Quartz.NetDemo.TestJob - TestJob测试
 Quartz.NetDemo.TestJobname2017-04-20 21:22:48,002 [QuartzTest_Worker-10] INFO  Jobs.TestJob.Job - 独立项目的TestJob测试
 Jobs.TestJob.Jobname2017-04-20 21:22:48,003 [QuartzTest_Worker-1] INFO  Quartz.NetDemo.TestJob - TestJob测试
 Quartz.NetDemo.TestJobname2017-04-20 21:22:50,003 [QuartzTest_Worker-2] INFO  Quartz.NetDemo.TestJob - TestJob测试
 Quartz.NetDemo.TestJobname2017-04-20 21:22:51,070 [QuartzTest_Worker-3] INFO  Jobs.TestJob.Job - 独立项目的TestJob测试
 Jobs.TestJob.Jobname2017-04-20 21:22:52,001 [QuartzTest_Worker-4] INFO  Quartz.NetDemo.TestJob - TestJob测试
 Quartz.NetDemo.TestJobname2017-04-20 21:22:54,002 [QuartzTest_Worker-5] INFO  Jobs.TestJob.Job - 独立项目的TestJob测试
 Jobs.TestJob.Jobname2017-04-20 21:22:54,003 [QuartzTest_Worker-6] INFO  Quartz.NetDemo.TestJob - TestJob测试
 Quartz.NetDemo.TestJobname2017-04-20 21:22:56,002 [QuartzTest_Worker-7] INFO  Quartz.NetDemo.TestJob - TestJob测试
 Quartz.NetDemo.TestJobname2017-04-20 21:22:57,017 [QuartzTest_Worker-8] INFO  Jobs.TestJob.Job - 独立项目的TestJob测试
 Jobs.TestJob.Jobname2017-04-20 21:22:58,000 [QuartzTest_Worker-9] INFO  Quartz.NetDemo.TestJob - TestJob测试
 Quartz.NetDemo.TestJobname2017-04-20 21:23:00,018 [QuartzTest_Worker-10] INFO  Jobs.TestJob.Job - 独立项目的TestJob测试
 Jobs.TestJob.Jobname2017-04-20 21:23:00,018 [QuartzTest_Worker-1] INFO  Quartz.NetDemo.TestJob - TestJob测试
 Quartz.NetDemo.TestJobname2017-04-20 21:23:02,023 [QuartzTest_Worker-2] INFO  Quartz.NetDemo.TestJob - TestJob测试
 Quartz.NetDemo.TestJobname2017-04-20 21:23:03,044 [QuartzTest_Worker-3] INFO  Jobs.TestJob.Job - 独立项目的TestJob测试
 Jobs.TestJob.Jobname2017-04-20 21:23:04,033 [QuartzTest_Worker-4] INFO  Quartz.NetDemo.TestJob - TestJob测试
 Quartz.NetDemo.TestJobname2017-04-20 21:23:06,015 [QuartzTest_Worker-5] INFO  Jobs.TestJob.Job - 独立项目的TestJob测试
 Jobs.TestJob.Jobname2017-04-20 21:23:06,015 [QuartzTest_Worker-6] INFO  Quartz.NetDemo.TestJob - TestJob测试
 Quartz.NetDemo.TestJobname2017-04-20 21:23:08,001 [QuartzTest_Worker-7] INFO  Quartz.NetDemo.TestJob - TestJob测试
 Quartz.NetDemo.TestJobname2017-04-20 21:23:09,015 [QuartzTest_Worker-8] INFO  Jobs.TestJob.Job - 独立项目的TestJob测试
 Jobs.TestJob.Jobname2017-04-20 21:23:10,016 [QuartzTest_Worker-9] INFO  Quartz.NetDemo.TestJob - TestJob测试
 Quartz.NetDemo.TestJobname2017-04-20 21:23:12,003 [QuartzTest_Worker-10] INFO  Jobs.TestJob.Job - 独立项目的TestJob测试
 Jobs.TestJob.Jobname2017-04-20 21:23:12,016 [QuartzTest_Worker-1] INFO  Quartz.NetDemo.TestJob - TestJob测试
 Quartz.NetDemo.TestJobname2017-04-20 21:23:14,008 [QuartzTest_Worker-2] INFO  Quartz.NetDemo.TestJob - TestJob测试
 Quartz.NetDemo.TestJobname2017-04-20 21:23:15,015 [QuartzTest_Worker-3] INFO  Jobs.TestJob.Job - 独立项目的TestJob测试
 Jobs.TestJob.Jobname2017-04-20 21:23:16,000 [QuartzTest_Worker-4] INFO  Quartz.NetDemo.TestJob - TestJob测试
 Quartz.NetDemo.TestJobname2017-04-20 21:23:18,015 [QuartzTest_Worker-5] INFO  Jobs.TestJob.Job - 独立项目的TestJob测试
 Jobs.TestJob.Jobname2017-04-20 21:23:18,015 [QuartzTest_Worker-6] INFO  Quartz.NetDemo.TestJob - TestJob测试
 Quartz.NetDemo.TestJobname2017-04-20 21:23:20,000 [QuartzTest_Worker-7] INFO  Quartz.NetDemo.TestJob - TestJob测试
 Quartz.NetDemo.TestJobname2017-04-20 21:23:21,000 [QuartzTest_Worker-8] INFO  Jobs.TestJob.Job - 独立项目的TestJob测试
 Jobs.TestJob.Jobname2017-04-20 21:23:22,001 [QuartzTest_Worker-9] INFO  Quartz.NetDemo.TestJob - TestJob测试
 Quartz.NetDemo.TestJobname2017-04-20 21:23:24,000 [QuartzTest_Worker-10] INFO  Jobs.TestJob.Job - 独立项目的TestJob测试
 Jobs.TestJob.Jobname2017-04-20 21:23:24,000 [QuartzTest_Worker-1] INFO  Quartz.NetDemo.TestJob - TestJob测试
 Quartz.NetDemo.TestJobname2017-04-20 21:23:26,010 [QuartzTest_Worker-2] INFO  Quartz.NetDemo.TestJob - TestJob测试
 Quartz.NetDemo.TestJobname2017-04-20 21:23:27,000 [QuartzTest_Worker-3] INFO  Jobs.TestJob.Job - 独立项目的TestJob测试
 Jobs.TestJob.Jobname2017-04-20 21:23:28,006 [QuartzTest_Worker-4] INFO  Quartz.NetDemo.TestJob - TestJob测试
 Quartz.NetDemo.TestJobname2017-04-20 21:23:30,000 [QuartzTest_Worker-6] INFO  Jobs.TestJob.Job - 独立项目的TestJob测试
 Jobs.TestJob.Jobname2017-04-20 21:23:30,000 [QuartzTest_Worker-5] INFO  Quartz.NetDemo.TestJob - TestJob测试
 Quartz.NetDemo.TestJobname2017-04-20 21:23:32,000 [QuartzTest_Worker-7] INFO  Quartz.NetDemo.TestJob - TestJob测试
 Quartz.NetDemo.TestJobname2017-04-20 21:23:33,003 [QuartzTest_Worker-8] INFO  Jobs.TestJob.Job - 独立项目的TestJob测试
 Jobs.TestJob.Jobname2017-04-20 21:23:34,000 [QuartzTest_Worker-9] INFO  Quartz.NetDemo.TestJob - TestJob测试
 Quartz.NetDemo.TestJobname2017-04-20 21:23:36,004 [QuartzTest_Worker-10] INFO  Jobs.TestJob.Job - 独立项目的TestJob测试
 Jobs.TestJob.Jobname2017-04-20 21:23:36,004 [QuartzTest_Worker-1] INFO  Quartz.NetDemo.TestJob - TestJob测试
 Quartz.NetDemo.TestJobname2017-04-20 21:23:38,000 [QuartzTest_Worker-2] INFO  Quartz.NetDemo.TestJob - TestJob测试
 Quartz.NetDemo.TestJobname2017-04-20 21:23:39,000 [QuartzTest_Worker-3] INFO  Jobs.TestJob.Job - 独立项目的TestJob测试
 Jobs.TestJob.Jobname2017-04-20 21:23:40,000 [QuartzTest_Worker-4] INFO  Quartz.NetDemo.TestJob - TestJob测试
 Quartz.NetDemo.TestJobname2017-04-20 21:23:42,000 [QuartzTest_Worker-6] INFO  Jobs.TestJob.Job - 独立项目的TestJob测试
 Jobs.TestJob.Jobname2017-04-20 21:23:42,000 [QuartzTest_Worker-5] INFO  Quartz.NetDemo.TestJob - TestJob测试
 Quartz.NetDemo.TestJobname2017-04-20 21:23:44,000 [QuartzTest_Worker-7] INFO  Quartz.NetDemo.TestJob - TestJob测试
 Quartz.NetDemo.TestJobname2017-04-20 21:23:45,002 [QuartzTest_Worker-8] INFO  Jobs.TestJob.Job - 独立项目的TestJob测试
 Jobs.TestJob.Jobname2017-04-20 21:23:46,004 [QuartzTest_Worker-9] INFO  Quartz.NetDemo.TestJob - TestJob测试
 Quartz.NetDemo.TestJobname2017-04-20 21:23:48,002 [QuartzTest_Worker-10] INFO  Jobs.TestJob.Job - 独立项目的TestJob测试
 Jobs.TestJob.Jobname2017-04-20 21:23:48,003 [QuartzTest_Worker-1] INFO  Quartz.NetDemo.TestJob - TestJob测试
 Quartz.NetDemo.TestJobname2017-04-20 21:23:50,003 [QuartzTest_Worker-2] INFO  Quartz.NetDemo.TestJob - TestJob测试
 Quartz.NetDemo.TestJobname2017-04-20 21:23:51,002 [QuartzTest_Worker-3] INFO  Jobs.TestJob.Job - 独立项目的TestJob测试
 Jobs.TestJob.Jobname2017-04-20 21:23:52,000 [QuartzTest_Worker-4] INFO  Quartz.NetDemo.TestJob - TestJob测试
 Quartz.NetDemo.TestJobname2017-04-20 21:23:54,000 [QuartzTest_Worker-6] INFO  Jobs.TestJob.Job - 独立项目的TestJob测试
 Jobs.TestJob.Jobname2017-04-20 21:23:54,000 [QuartzTest_Worker-5] INFO  Quartz.NetDemo.TestJob - TestJob测试
 Quartz.NetDemo.TestJobname2017-04-20 21:23:56,012 [QuartzTest_Worker-7] INFO  Quartz.NetDemo.TestJob - TestJob测试
 Quartz.NetDemo.TestJobname2017-04-20 21:23:57,014 [QuartzTest_Worker-8] INFO  Jobs.TestJob.Job - 独立项目的TestJob测试
 Jobs.TestJob.Jobname2017-04-20 21:23:58,001 [QuartzTest_Worker-9] INFO  Quartz.NetDemo.TestJob - TestJob测试
 Quartz.NetDemo.TestJobname2017-04-20 21:24:00,000 [QuartzTest_Worker-1] INFO  Jobs.TestJob.Job - 独立项目的TestJob测试
 Jobs.TestJob.Jobname2017-04-20 21:24:00,000 [QuartzTest_Worker-10] INFO  Quartz.NetDemo.TestJob - TestJob测试
 Quartz.NetDemo.TestJobname2017-04-20 21:24:02,018 [QuartzTest_Worker-2] INFO  Quartz.NetDemo.TestJob - TestJob测试
 Quartz.NetDemo.TestJobname2017-04-20 21:24:03,015 [QuartzTest_Worker-3] INFO  Jobs.TestJob.Job - 独立项目的TestJob测试
 Jobs.TestJob.Jobname2017-04-20 21:24:04,000 [QuartzTest_Worker-4] INFO  Quartz.NetDemo.TestJob - TestJob测试
 Quartz.NetDemo.TestJobname2017-04-20 21:24:06,011 [QuartzTest_Worker-6] INFO  Jobs.TestJob.Job - 独立项目的TestJob测试
 Jobs.TestJob.Jobname2017-04-20 21:24:06,011 [QuartzTest_Worker-5] INFO  Quartz.NetDemo.TestJob - TestJob测试
 Quartz.NetDemo.TestJobname2017-04-20 21:24:08,007 [QuartzTest_Worker-7] INFO  Quartz.NetDemo.TestJob - TestJob测试
 Quartz.NetDemo.TestJobname2017-04-20 21:24:09,004 [QuartzTest_Worker-8] INFO  Jobs.TestJob.Job - 独立项目的TestJob测试
 Jobs.TestJob.Jobname2017-04-20 21:24:10,014 [QuartzTest_Worker-9] INFO  Quartz.NetDemo.TestJob - TestJob测试
 Quartz.NetDemo.TestJobname2017-04-20 21:24:12,006 [QuartzTest_Worker-1] INFO  Jobs.TestJob.Job - 独立项目的TestJob测试
 Jobs.TestJob.Jobname2017-04-20 21:24:12,006 [QuartzTest_Worker-10] INFO  Quartz.NetDemo.TestJob - TestJob测试
 Quartz.NetDemo.TestJobname2017-04-20 21:24:14,000 [QuartzTest_Worker-2] INFO  Quartz.NetDemo.TestJob - TestJob测试
 Quartz.NetDemo.TestJobname2017-04-20 21:24:15,000 [QuartzTest_Worker-3] INFO  Jobs.TestJob.Job - 独立项目的TestJob测试
 Jobs.TestJob.Jobname2017-04-20 21:24:16,017 [QuartzTest_Worker-4] INFO  Quartz.NetDemo.TestJob - TestJob测试
 Quartz.NetDemo.TestJobname2017-04-20 21:24:18,009 [QuartzTest_Worker-6] INFO  Jobs.TestJob.Job - 独立项目的TestJob测试
 Jobs.TestJob.Jobname2017-04-20 21:24:18,010 [QuartzTest_Worker-5] INFO  Quartz.NetDemo.TestJob - TestJob测试
 Quartz.NetDemo.TestJobname2017-04-20 21:24:20,016 [QuartzTest_Worker-7] INFO  Quartz.NetDemo.TestJob - TestJob测试
 Quartz.NetDemo.TestJobname2017-04-20 21:24:21,000 [QuartzTest_Worker-8] INFO  Jobs.TestJob.Job - 独立项目的TestJob测试
 Jobs.TestJob.Jobname2017-04-20 21:24:22,000 [QuartzTest_Worker-9] INFO  Quartz.NetDemo.TestJob - TestJob测试
 Quartz.NetDemo.TestJobname2017-04-20 21:24:24,000 [QuartzTest_Worker-1] INFO  Jobs.TestJob.Job - 独立项目的TestJob测试
 Jobs.TestJob.Jobname2017-04-20 21:24:24,000 [QuartzTest_Worker-10] INFO  Quartz.NetDemo.TestJob - TestJob测试
 Quartz.NetDemo.TestJobname2017-04-20 21:24:26,000 [QuartzTest_Worker-2] INFO  Quartz.NetDemo.TestJob - TestJob测试
 Quartz.NetDemo.TestJobname2017-04-20 21:24:27,000 [QuartzTest_Worker-3] INFO  Jobs.TestJob.Job - 独立项目的TestJob测试
 Jobs.TestJob.Jobname2017-04-20 21:24:28,005 [QuartzTest_Worker-4] INFO  Quartz.NetDemo.TestJob - TestJob测试
 Quartz.NetDemo.TestJobname2017-04-20 21:24:30,002 [QuartzTest_Worker-6] INFO  Jobs.TestJob.Job - 独立项目的TestJob测试
 Jobs.TestJob.Jobname2017-04-20 21:24:30,002 [QuartzTest_Worker-5] INFO  Quartz.NetDemo.TestJob - TestJob测试
 Quartz.NetDemo.TestJobname2017-04-20 21:24:32,043 [QuartzTest_Worker-7] INFO  Quartz.NetDemo.TestJob - TestJob测试
 Quartz.NetDemo.TestJobname2017-04-20 21:24:33,016 [QuartzTest_Worker-8] INFO  Jobs.TestJob.Job - 独立项目的TestJob测试
 Jobs.TestJob.Jobname2017-04-20 21:24:34,000 [QuartzTest_Worker-9] INFO  Quartz.NetDemo.TestJob - TestJob测试
 Quartz.NetDemo.TestJobname2017-04-20 21:24:36,014 [QuartzTest_Worker-1] INFO  Jobs.TestJob.Job - 独立项目的TestJob测试
 Jobs.TestJob.Jobname2017-04-20 21:24:36,015 [QuartzTest_Worker-10] INFO  Quartz.NetDemo.TestJob - TestJob测试
 Quartz.NetDemo.TestJobname2017-04-20 21:24:38,000 [QuartzTest_Worker-2] INFO  Quartz.NetDemo.TestJob - TestJob测试
 Quartz.NetDemo.TestJobname2017-04-20 21:24:39,003 [QuartzTest_Worker-3] INFO  Jobs.TestJob.Job - 独立项目的TestJob测试
 Jobs.TestJob.Jobname2017-04-20 21:24:40,017 [QuartzTest_Worker-4] INFO  Quartz.NetDemo.TestJob - TestJob测试
 Quartz.NetDemo.TestJobname2017-04-20 21:24:42,004 [QuartzTest_Worker-6] INFO  Jobs.TestJob.Job - 独立项目的TestJob测试
 Jobs.TestJob.Jobname2017-04-20 21:24:42,005 [QuartzTest_Worker-5] INFO  Quartz.NetDemo.TestJob - TestJob测试
 Quartz.NetDemo.TestJobname2017-04-20 21:24:44,055 [QuartzTest_Worker-7] INFO  Quartz.NetDemo.TestJob - TestJob测试
 Quartz.NetDemo.TestJobname2017-04-20 21:24:45,000 [QuartzTest_Worker-8] INFO  Jobs.TestJob.Job - 独立项目的TestJob测试
 Jobs.TestJob.Jobname2017-04-20 21:24:46,005 [QuartzTest_Worker-9] INFO  Quartz.NetDemo.TestJob - TestJob测试
 Quartz.NetDemo.TestJobname2017-04-20 21:24:48,000 [QuartzTest_Worker-1] INFO  Jobs.TestJob.Job - 独立项目的TestJob测试
 Jobs.TestJob.Jobname2017-04-20 21:24:48,000 [QuartzTest_Worker-10] INFO  Quartz.NetDemo.TestJob - TestJob测试
 Quartz.NetDemo.TestJobname2017-04-20 21:24:50,048 [QuartzTest_Worker-2] INFO  Quartz.NetDemo.TestJob - TestJob测试
 Quartz.NetDemo.TestJobname2017-04-20 21:24:51,056 [QuartzTest_Worker-3] INFO  Jobs.TestJob.Job - 独立项目的TestJob测试
 Jobs.TestJob.Jobname2017-04-20 21:24:52,040 [QuartzTest_Worker-4] INFO  Quartz.NetDemo.TestJob - TestJob测试
 Quartz.NetDemo.TestJobname2017-04-20 21:24:54,021 [QuartzTest_Worker-6] INFO  Jobs.TestJob.Job - 独立项目的TestJob测试
 Jobs.TestJob.Jobname2017-04-20 21:24:54,021 [QuartzTest_Worker-5] INFO  Quartz.NetDemo.TestJob - TestJob测试
 Quartz.NetDemo.TestJobname2017-04-20 21:24:56,004 [QuartzTest_Worker-7] INFO  Quartz.NetDemo.TestJob - TestJob测试
 Quartz.NetDemo.TestJobname2017-04-20 21:24:57,000 [QuartzTest_Worker-8] INFO  Jobs.TestJob.Job - 独立项目的TestJob测试
 Jobs.TestJob.Jobname2017-04-20 21:24:58,000 [QuartzTest_Worker-9] INFO  Quartz.NetDemo.TestJob - TestJob测试
 Quartz.NetDemo.TestJobname2017-04-20 21:25:00,020 [QuartzTest_Worker-1] INFO  Jobs.TestJob.Job - 独立项目的TestJob测试
 Jobs.TestJob.Jobname2017-04-20 21:25:00,021 [QuartzTest_Worker-10] INFO  Quartz.NetDemo.TestJob - TestJob测试
 Quartz.NetDemo.TestJobname2017-04-20 21:25:02,002 [QuartzTest_Worker-2] INFO  Quartz.NetDemo.TestJob - TestJob测试
 Quartz.NetDemo.TestJobname2017-04-20 21:25:03,000 [QuartzTest_Worker-3] INFO  Jobs.TestJob.Job - 独立项目的TestJob测试
 Jobs.TestJob.Jobname2017-04-20 21:25:04,000 [QuartzTest_Worker-4] INFO  Quartz.NetDemo.TestJob - TestJob测试
 Quartz.NetDemo.TestJobname2017-04-20 21:25:36,644 [1] INFO  Topshelf.HostFactory - Configuration Result:
[Success] Name QuartzDemo服务名称
[Success] DisplayName QuartzDemo服务显示名称
[Success] Description QuartzDemo服务描述
[Success] ServiceName QuartzDemo服务名称
 Topshelf.HostFactoryname2017-04-20 21:25:36,691 [1] INFO  Topshelf.HostConfigurators.HostConfiguratorImpl - Topshelf v3.3.154.0, .NET Framework v4.0.30319.42000
 Topshelf.HostConfigurators.HostConfiguratorImplname2017-04-20 21:25:39,749 [1] INFO  Topshelf.HostFactory - Configuration Result:
[Success] Name QuartzDemo服务名称
[Success] DisplayName QuartzDemo服务显示名称
[Success] Description QuartzDemo服务描述
[Success] ServiceName QuartzDemo服务名称
 Topshelf.HostFactoryname2017-04-20 21:25:39,795 [1] INFO  Topshelf.HostConfigurators.HostConfiguratorImpl - Topshelf v3.3.154.0, .NET Framework v4.0.30319.42000
 Topshelf.HostConfigurators.HostConfiguratorImplname2017-04-20 21:25:39,812 [1] DEBUG Topshelf.Hosts.StopHost - Stopping QuartzDemo服务名称
 Topshelf.Hosts.StopHostname2017-04-20 21:25:40,088 [1] INFO  Topshelf.Hosts.StopHost - The QuartzDemo服务名称 service was stopped.
 Topshelf.Hosts.StopHostname